"../../../Engine/Plugins/Animation/ControlRig/Content/Controls/DefaultGizmoLibraryNormalized.uasset" 0
"../../../Engine/Plugins/Animation/ControlRig/Content/Controls/DefaultGizmoLibraryNormalized.uexp" 1
"../../../Engine/Plugins/Animation/ACLPlugin/Content/ACLAnimCurveCompressionSettings.uasset" 2
"../../../Engine/Plugins/Animation/ACLPlugin/Content/ACLAnimCurveCompressionSettings.uexp" 3
"../../../Engine/Plugins/Animation/ACLPlugin/Content/ACLAnimBoneCompressionSettings.uasset" 4
"../../../Engine/Plugins/Animation/ACLPlugin/Content/ACLAnimBoneCompressionSettings.uexp" 5
"../../../Engine/Plugins/2D/Paper2D/Content/PlaceholderTextures/DummySpriteTexture.ubulk" 6
"../../../Engine/Plugins/2D/Paper2D/Content/PlaceholderTextures/DummySpriteTexture.uasset" 7
"../../../Engine/Plugins/2D/Paper2D/Content/PlaceholderTextures/DummySpriteTexture.uexp" 8
"../../../Engine/Plugins/2D/Paper2D/Content/DummySprite.uasset" 9
"../../../Engine/Plugins/2D/Paper2D/Content/DummySprite.uexp" 10
"../../../Engine/Plugins/2D/Paper2D/Content/DefaultPaperTerrainMaterial.uasset" 11
"../../../Engine/Plugins/2D/Paper2D/Content/DefaultPaperTerrainMaterial.uexp" 12
"../../../Engine/Content/EngineSounds/Master.uasset" 13
"../../../Engine/Content/EngineSounds/Master.uexp" 14
"../../../Engine/Content/EngineMaterials/DefaultPhysicalMaterial.uasset" 15
"../../../Engine/Content/EngineMaterials/DefaultPhysicalMaterial.uexp" 16
"../../../Engine/Content/EngineMaterials/DefaultDestructiblePhysicalMaterial.uasset" 17
"../../../Engine/Content/EngineMaterials/DefaultDestructiblePhysicalMaterial.uexp" 18
"../../../Engine/Content/EngineFonts/Faces/RobotoLight.uexp" 19
"../../../Engine/Content/EngineFonts/Faces/RobotoLight.uasset" 20
"../../../Engine/Content/EngineFonts/Faces/RobotoLight.ufont" 21
"../../../Engine/Content/EngineFonts/Faces/RobotoBold.uexp" 22
"../../../Engine/Content/EngineFonts/Faces/RobotoBold.uasset" 23
"../../../Engine/Content/EngineFonts/Faces/RobotoBold.ufont" 24
"../../../Engine/Content/EngineFonts/Faces/RobotoRegular.uexp" 25
"../../../Engine/Content/EngineFonts/Faces/RobotoRegular.uasset" 26
"../../../Engine/Content/EngineFonts/Faces/RobotoRegular.ufont" 27
"../../../Engine/Content/EngineFonts/Faces/DroidSansFallback.uexp" 28
"../../../Engine/Content/EngineFonts/Faces/DroidSansFallback.uasset" 29
"../../../Engine/Content/EngineFonts/Faces/DroidSansFallback.ufont" 30
"../../../Engine/Content/EngineFonts/Faces/RobotoItalic.uexp" 31
"../../../Engine/Content/EngineFonts/Faces/RobotoItalic.uasset" 32
"../../../Engine/Content/EngineFonts/Faces/RobotoItalic.ufont" 33
"../../../Engine/Content/EngineFonts/Faces/RobotoBoldItalic.uexp" 34
"../../../Engine/Content/EngineFonts/Faces/RobotoBoldItalic.uasset" 35
"../../../Engine/Content/EngineFonts/Faces/RobotoBoldItalic.ufont" 36
"../../../Engine/Content/EngineFonts/Roboto.uasset" 37
"../../../Engine/Content/EngineFonts/Roboto.uexp" 38
"../../../Engine/Content/Animation/DefaultVariableFrameStrippingSettings.uasset" 39
"../../../Engine/Content/Animation/DefaultVariableFrameStrippingSettings.uexp" 40
"../../../Engine/Content/Animation/DefaultRecorderBoneCompression.uasset" 41
"../../../Engine/Content/Animation/DefaultRecorderBoneCompression.uexp" 42
"../../../Engine/Content/MobileResources/HUD/VirtualJoystick_Background.uasset" 43
"../../../Engine/Content/MobileResources/HUD/VirtualJoystick_Background.uexp" 44
"../../../Engine/Content/MobileResources/HUD/VirtualJoystick_Thumb.uasset" 45
"../../../Engine/Content/MobileResources/HUD/VirtualJoystick_Thumb.uexp" 46
"../../../Engine/Content/MobileResources/HUD/DefaultVirtualJoysticks.uasset" 47
"../../../Engine/Content/MobileResources/HUD/DefaultVirtualJoysticks.uexp" 48
"../../../Engine/Content/EditorResources/S_Actor.ubulk" 49
"../../../Engine/Content/EditorResources/S_Actor.uasset" 50
"../../../Engine/Content/EditorResources/S_Actor.uexp" 51
"../../../Engine/Content/EditorResources/S_BoxReflectionCapture.uasset" 52
"../../../Engine/Content/EditorResources/S_BoxReflectionCapture.uexp" 53
"../../../Engine/Content/EngineResources/DefaultTexture.ubulk" 54
"../../../Engine/Content/EngineResources/DefaultTexture.uasset" 55
"../../../Engine/Content/EngineResources/DefaultTexture.uexp" 56
"../../../Engine/Content/EngineResources/DefaultTextureCube.uasset" 57
"../../../Engine/Content/EngineResources/DefaultTextureCube.uexp" 58
"../../../Engine/Content/EngineResources/DefaultVolumeTexture2D.uasset" 59
"../../../Engine/Content/EngineResources/DefaultVolumeTexture2D.uexp" 60
"../../../Engine/Content/EngineResources/DefaultVolumeTexture.uasset" 61
"../../../Engine/Content/EngineResources/DefaultVolumeTexture.uexp" 62
"../../../Engine/Content/EditorResources/S_Trigger.ubulk" 63
"../../../Engine/Content/EditorResources/S_Trigger.uasset" 64
"../../../Engine/Content/EditorResources/S_Trigger.uexp" 65
"../../../Engine/Content/EditorResources/S_TriggerBox.uasset" 66
"../../../Engine/Content/EditorResources/S_TriggerBox.uexp" 67
"../../../Engine/Content/EditorResources/S_TriggerCapsule.uasset" 68
"../../../Engine/Content/EditorResources/S_TriggerCapsule.uexp" 69
"../../../Engine/Content/EditorResources/S_TriggerSphere.uasset" 70
"../../../Engine/Content/EditorResources/S_TriggerSphere.uexp" 71
"../../../Engine/Content/EngineMeshes/Sphere.uasset" 72
"../../../Engine/Content/EngineMeshes/Sphere.uexp" 73
"../../../Engine/Plugins/Runtime/MeshModelingToolset/Content/Materials/M_DynamicMeshComponentVtxColor.uasset" 74
"../../../Engine/Plugins/Runtime/MeshModelingToolset/Content/Materials/M_DynamicMeshComponentVtxColor.uexp" 75
"../../../Engine/Plugins/Runtime/HairStrands/Content/Materials/HairMeshesDefaultMaterial.uasset" 76
"../../../Engine/Plugins/Runtime/HairStrands/Content/Materials/HairMeshesDefaultMaterial.uexp" 77
"../../../Engine/Plugins/Runtime/HairStrands/Content/Materials/HairDefaultMaterial.uasset" 78
"../../../Engine/Plugins/Runtime/HairStrands/Content/Materials/HairDefaultMaterial.uexp" 79
"../../../Engine/Plugins/Runtime/HairStrands/Content/Materials/HairGroupColors.uasset" 80
"../../../Engine/Plugins/Runtime/HairStrands/Content/Materials/HairGroupColors.uexp" 81
"../../../Engine/Content/Functions/Engine_MaterialFunctions02/Utility/MakeFloat2.uasset" 82
"../../../Engine/Content/Functions/Engine_MaterialFunctions02/Utility/MakeFloat2.uexp" 83
"../../../Engine/Content/Functions/Engine_MaterialFunctions02/Utility/MakeFloat3.uasset" 84
"../../../Engine/Content/Functions/Engine_MaterialFunctions02/Utility/MakeFloat3.uexp" 85
"../../../Engine/Content/EngineMaterials/HairColorMap.uasset" 86
"../../../Engine/Content/EngineMaterials/HairColorMap.uexp" 87
"../../../Engine/Content/EngineMaterials/HairDebugColor.uasset" 88
"../../../Engine/Content/EngineMaterials/HairDebugColor.uexp" 89
"../../../Engine/Plugins/Runtime/HairStrands/Content/Materials/HairDebugMaterial.uasset" 90
"../../../Engine/Plugins/Runtime/HairStrands/Content/Materials/HairDebugMaterial.uexp" 91
"../../../Engine/Plugins/Runtime/HairStrands/Content/Materials/HairCardsDefaultMaterial.uasset" 92
"../../../Engine/Plugins/Runtime/HairStrands/Content/Materials/HairCardsDefaultMaterial.uexp" 93
"../../../Engine/Plugins/Runtime/AudioWidgets/Content/Resources/ScrubHandleDown_Clamped.uasset" 94
"../../../Engine/Plugins/Runtime/AudioWidgets/Content/Resources/ScrubHandleDown_Clamped.uexp" 95
"../../../Engine/Content/Functions/Engine_MaterialFunctions02/Texturing/CustomRotator.uasset" 96
"../../../Engine/Content/Functions/Engine_MaterialFunctions02/Texturing/CustomRotator.uexp" 97
"../../../Engine/Content/Functions/Engine_MaterialFunctions02/Utility/BreakOutFloat2Components.uasset" 98
"../../../Engine/Content/Functions/Engine_MaterialFunctions02/Utility/BreakOutFloat2Components.uexp" 99
"../../../Engine/Content/Functions/Engine_MaterialFunctions01/Texturing/ScaleUVsByCenter.uasset" 100
"../../../Engine/Content/Functions/Engine_MaterialFunctions01/Texturing/ScaleUVsByCenter.uexp" 101
"../../../Engine/Plugins/Runtime/AudioWidgets/Content/AudioMaterialSlate/Functions/MF_SingleLine_Smooth.uasset" 102
"../../../Engine/Plugins/Runtime/AudioWidgets/Content/AudioMaterialSlate/Functions/MF_SingleLine_Smooth.uexp" 103
"../../../Engine/Plugins/Runtime/AudioWidgets/Content/AudioMaterialSlate/Functions/MF_AngleGradient.uasset" 104
"../../../Engine/Plugins/Runtime/AudioWidgets/Content/AudioMaterialSlate/Functions/MF_AngleGradient.uexp" 105
"../../../Engine/Plugins/Runtime/AudioWidgets/Content/AudioMaterialSlate/Functions/MF_SingleLine.uasset" 106
"../../../Engine/Plugins/Runtime/AudioWidgets/Content/AudioMaterialSlate/Functions/MF_SingleLine.uexp" 107
"../../../Engine/Content/Functions/Engine_MaterialFunctions01/Gradient/SphereGradient-2D.uasset" 108
"../../../Engine/Content/Functions/Engine_MaterialFunctions01/Gradient/SphereGradient-2D.uexp" 109
"../../../Engine/Plugins/Runtime/AudioWidgets/Content/AudioMaterialSlate/M_AudioMaterialToggleButton.uasset" 110
"../../../Engine/Plugins/Runtime/AudioWidgets/Content/AudioMaterialSlate/M_AudioMaterialToggleButton.uexp" 111
"../../../Engine/Plugins/Runtime/AudioWidgets/Content/AudioMaterialSlate/MI_AudioMaterialToggleButton.uasset" 112
"../../../Engine/Plugins/Runtime/AudioWidgets/Content/AudioMaterialSlate/MI_AudioMaterialToggleButton.uexp" 113
"../../../Engine/Content/Functions/Engine_MaterialFunctions02/Utility/VectorLength.uasset" 114
"../../../Engine/Content/Functions/Engine_MaterialFunctions02/Utility/VectorLength.uexp" 115
"../../../Engine/Content/Functions/Engine_MaterialFunctions01/Gradient/GeneratedRoundRect.uasset" 116
"../../../Engine/Content/Functions/Engine_MaterialFunctions01/Gradient/GeneratedRoundRect.uexp" 117
"../../../Engine/Plugins/Runtime/AudioWidgets/Content/AudioMaterialSlate/M_AudioMaterialRoundedSlider.uasset" 118
"../../../Engine/Plugins/Runtime/AudioWidgets/Content/AudioMaterialSlate/M_AudioMaterialRoundedSlider.uexp" 119
"../../../Engine/Plugins/Runtime/AudioWidgets/Content/AudioMaterialSlate/MI_AudioMaterialRoundedSlider.uasset" 120
"../../../Engine/Plugins/Runtime/AudioWidgets/Content/AudioMaterialSlate/MI_AudioMaterialRoundedSlider.uexp" 121
"../../../Engine/Plugins/Runtime/AudioWidgets/Content/AudioMaterialSlate/Functions/MF_Lines.uasset" 122
"../../../Engine/Plugins/Runtime/AudioWidgets/Content/AudioMaterialSlate/Functions/MF_Lines.uexp" 123
"../../../Engine/Content/Functions/Engine_MaterialFunctions02/Lerp_3Color.uasset" 124
"../../../Engine/Content/Functions/Engine_MaterialFunctions02/Lerp_3Color.uexp" 125
"../../../Engine/Plugins/Runtime/AudioWidgets/Content/AudioMaterialSlate/M_AudioMaterialMeter.uasset" 126
"../../../Engine/Plugins/Runtime/AudioWidgets/Content/AudioMaterialSlate/M_AudioMaterialMeter.uexp" 127
"../../../Engine/Plugins/Runtime/AudioWidgets/Content/AudioMaterialSlate/MI_AudioMaterialMeter.uasset" 128
"../../../Engine/Plugins/Runtime/AudioWidgets/Content/AudioMaterialSlate/MI_AudioMaterialMeter.uexp" 129
"../../../Engine/Plugins/Runtime/AudioWidgets/Content/AudioMaterialSlate/M_AudioMaterialKnob.uasset" 130
"../../../Engine/Plugins/Runtime/AudioWidgets/Content/AudioMaterialSlate/M_AudioMaterialKnob.uexp" 131
"../../../Engine/Plugins/Runtime/AudioWidgets/Content/AudioMaterialSlate/MI_AudioMaterialKnob.uasset" 132
"../../../Engine/Plugins/Runtime/AudioWidgets/Content/AudioMaterialSlate/MI_AudioMaterialKnob.uexp" 133
"../../../Engine/Plugins/Runtime/AudioWidgets/Content/AudioMaterialSlate/Functions/MF_DotOutlined.uasset" 134
"../../../Engine/Plugins/Runtime/AudioWidgets/Content/AudioMaterialSlate/Functions/MF_DotOutlined.uexp" 135
"../../../Engine/Plugins/Runtime/AudioWidgets/Content/AudioMaterialSlate/M_AudioMaterialEnvelope_ADSR.uasset" 136
"../../../Engine/Plugins/Runtime/AudioWidgets/Content/AudioMaterialSlate/M_AudioMaterialEnvelope_ADSR.uexp" 137
"../../../Engine/Plugins/Runtime/AudioWidgets/Content/AudioMaterialSlate/MI_AudioMaterialEnvelope_ADSR.uasset" 138
"../../../Engine/Plugins/Runtime/AudioWidgets/Content/AudioMaterialSlate/MI_AudioMaterialEnvelope_ADSR.uexp" 139
"../../../Engine/Content/EngineMaterials/T_Default_Material_Grid_M.ubulk" 140
"../../../Engine/Content/EngineMaterials/T_Default_Material_Grid_M.uasset" 141
"../../../Engine/Content/EngineMaterials/T_Default_Material_Grid_M.uexp" 142
"../../../Engine/Content/EngineMaterials/T_Default_Material_Grid_N.ubulk" 143
"../../../Engine/Content/EngineMaterials/T_Default_Material_Grid_N.uasset" 144
"../../../Engine/Content/EngineMaterials/T_Default_Material_Grid_N.uexp" 145
"../../../Engine/Content/Functions/Engine_MaterialFunctions01/Opacity/CameraDepthFade.uasset" 146
"../../../Engine/Content/Functions/Engine_MaterialFunctions01/Opacity/CameraDepthFade.uexp" 147
"../../../Engine/Content/EngineMaterials/WorldGridMaterial.uasset" 148
"../../../Engine/Content/EngineMaterials/WorldGridMaterial.uexp" 149
"../../../Engine/Plugins/Media/MediaPlate/Content/SM_MediaPlateScreen.uasset" 150
"../../../Engine/Plugins/Media/MediaPlate/Content/SM_MediaPlateScreen.uexp" 151
"../../../Engine/Plugins/Interchange/Assets/Content/Functions/MX_UsdPreviewSurface.uasset" 152
"../../../Engine/Plugins/Interchange/Assets/Content/Functions/MX_UsdPreviewSurface.uexp" 153
"../../../Engine/Plugins/Interchange/Assets/Content/Functions/MX_UniformEDF.uasset" 154
"../../../Engine/Plugins/Interchange/Assets/Content/Functions/MX_UniformEDF.uexp" 155
"../../../Engine/Plugins/Interchange/Assets/Content/Functions/MX_TranslucentBSDF.uasset" 156
"../../../Engine/Plugins/Interchange/Assets/Content/Functions/MX_TranslucentBSDF.uexp" 157
"../../../Engine/Plugins/Interchange/Assets/Content/Functions/MX_ThinFilmBSDF.uasset" 158
"../../../Engine/Plugins/Interchange/Assets/Content/Functions/MX_ThinFilmBSDF.uexp" 159
"../../../Engine/Plugins/Interchange/Assets/Content/Functions/MX_SurfaceUnlit.uasset" 160
"../../../Engine/Plugins/Interchange/Assets/Content/Functions/MX_SurfaceUnlit.uexp" 161
"../../../Engine/Plugins/Interchange/Assets/Content/Functions/MX_Surface.uasset" 162
"../../../Engine/Plugins/Interchange/Assets/Content/Functions/MX_Surface.uexp" 163
"../../../Engine/Plugins/Interchange/Assets/Content/Functions/MX_SubsurfaceBSDF.uasset" 164
"../../../Engine/Plugins/Interchange/Assets/Content/Functions/MX_SubsurfaceBSDF.uexp" 165
"../../../Engine/Plugins/Interchange/Assets/Content/Functions/MX_SheenBSDF.uasset" 166
"../../../Engine/Plugins/Interchange/Assets/Content/Functions/MX_SheenBSDF.uexp" 167
"../../../Engine/Plugins/Interchange/Assets/Content/Functions/MX_OrenNayarBSDF.uasset" 168
"../../../Engine/Plugins/Interchange/Assets/Content/Functions/MX_OrenNayarBSDF.uexp" 169
"../../../Engine/Plugins/Interchange/Assets/Content/Utilities/New_LUT.uasset" 170
"../../../Engine/Plugins/Interchange/Assets/Content/Utilities/New_LUT.uexp" 171
"../../../Engine/Content/Functions/Engine_MaterialFunctions03/Math/RemapValueRange.uasset" 172
"../../../Engine/Content/Functions/Engine_MaterialFunctions03/Math/RemapValueRange.uexp" 173
"../../../Engine/Plugins/Interchange/Assets/Content/Functions/MF_Iridescence.uasset" 174
"../../../Engine/Plugins/Interchange/Assets/Content/Functions/MF_Iridescence.uexp" 175
"../../../Engine/Plugins/Interchange/Assets/Content/Functions/MX_StandardSurface.uasset" 176
"../../../Engine/Plugins/Interchange/Assets/Content/Functions/MX_StandardSurface.uexp" 177
"../../../Engine/Plugins/Interchange/Assets/Content/Functions/MX_TransmissionSurface.uasset" 178
"../../../Engine/Plugins/Interchange/Assets/Content/Functions/MX_TransmissionSurface.uexp" 179
"../../../Engine/Plugins/Interchange/Assets/Content/Functions/MX_OpenPBR_Translucent.uasset" 180
"../../../Engine/Plugins/Interchange/Assets/Content/Functions/MX_OpenPBR_Translucent.uexp" 181
"../../../Engine/Plugins/Interchange/Assets/Content/Functions/MX_OpenPBR_Opaque.uasset" 182
"../../../Engine/Plugins/Interchange/Assets/Content/Functions/MX_OpenPBR_Opaque.uexp" 183
"../../../Engine/Plugins/Interchange/Assets/Content/Functions/MX_MeasuredEDF.uasset" 184
"../../../Engine/Plugins/Interchange/Assets/Content/Functions/MX_MeasuredEDF.uexp" 185
"../../../Engine/Plugins/Interchange/Assets/Content/Functions/MX_GeneralizedSchlickBSDF.uasset" 186
"../../../Engine/Plugins/Interchange/Assets/Content/Functions/MX_GeneralizedSchlickBSDF.uexp" 187
"../../../Engine/Plugins/Interchange/Assets/Content/Functions/MX_DielectricBSDF.uasset" 188
"../../../Engine/Plugins/Interchange/Assets/Content/Functions/MX_DielectricBSDF.uexp" 189
"../../../Engine/Plugins/Interchange/Assets/Content/Functions/MX_ConicalEDF.uasset" 190
"../../../Engine/Plugins/Interchange/Assets/Content/Functions/MX_ConicalEDF.uexp" 191
"../../../Engine/Plugins/Interchange/Assets/Content/Functions/MX_ConductorBSDF.uasset" 192
"../../../Engine/Plugins/Interchange/Assets/Content/Functions/MX_ConductorBSDF.uexp" 193
"../../../Engine/Plugins/Interchange/Assets/Content/Functions/MX_BurleyDiffuseBSDF.uasset" 194
"../../../Engine/Plugins/Interchange/Assets/Content/Functions/MX_BurleyDiffuseBSDF.uexp" 195
"../../../Engine/Plugins/Interchange/Assets/Content/Functions/MX_AnisotropicVDF.uasset" 196
"../../../Engine/Plugins/Interchange/Assets/Content/Functions/MX_AnisotropicVDF.uexp" 197
"../../../Engine/Plugins/Interchange/Assets/Content/Functions/MX_AbsorptionVDF.uasset" 198
"../../../Engine/Plugins/Interchange/Assets/Content/Functions/MX_AbsorptionVDF.uexp" 199
"../../../Engine/Plugins/Editor/SpeedTreeImporter/Content/SpeedTree9/game_wind_noise.ubulk" 200
"../../../Engine/Plugins/Editor/SpeedTreeImporter/Content/SpeedTree9/game_wind_noise.uasset" 201
"../../../Engine/Plugins/Editor/SpeedTreeImporter/Content/SpeedTree9/game_wind_noise.uexp" 202
"../../../Engine/Plugins/Editor/SpeedTreeImporter/Content/SpeedTree9/UnpackDirection.uasset" 203
"../../../Engine/Plugins/Editor/SpeedTreeImporter/Content/SpeedTree9/UnpackDirection.uexp" 204
"../../../Engine/Content/Functions/Engine_MaterialFunctions02/ObjectLocalBounds.uasset" 205
"../../../Engine/Content/Functions/Engine_MaterialFunctions02/ObjectLocalBounds.uexp" 206
"../../../Engine/Content/Functions/Engine_MaterialFunctions02/Utility/BreakOutFloat3Components.uasset" 207
"../../../Engine/Content/Functions/Engine_MaterialFunctions02/Utility/BreakOutFloat3Components.uexp" 208
"../../../Engine/Content/Functions/Engine_MaterialFunctions02/UVs/BoundingBoxBased_0-1_UVW.uasset" 209
"../../../Engine/Content/Functions/Engine_MaterialFunctions02/UVs/BoundingBoxBased_0-1_UVW.uexp" 210
"../../../Engine/Plugins/Editor/SpeedTreeImporter/Content/SpeedTree9/UnpackInteger3.uasset" 211
"../../../Engine/Plugins/Editor/SpeedTreeImporter/Content/SpeedTree9/UnpackInteger3.uexp" 212
"../../../Engine/Plugins/Editor/SpeedTreeImporter/Content/SpeedTree9/SpeedTreeCameraFacing.uasset" 213
"../../../Engine/Plugins/Editor/SpeedTreeImporter/Content/SpeedTree9/SpeedTreeCameraFacing.uexp" 214
"../../../Engine/Content/Functions/Engine_MaterialFunctions02/WorldPositionOffset/ObjectScale.uasset" 215
"../../../Engine/Content/Functions/Engine_MaterialFunctions02/WorldPositionOffset/ObjectScale.uexp" 216
"../../../Engine/Content/Functions/Engine_MaterialFunctions02/SafeNormalize.uasset" 217
"../../../Engine/Content/Functions/Engine_MaterialFunctions02/SafeNormalize.uexp" 218
"../../../Engine/Plugins/Editor/SpeedTreeImporter/Content/SpeedTree9/SpeedTreeWindMotion.uasset" 219
"../../../Engine/Plugins/Editor/SpeedTreeImporter/Content/SpeedTree9/SpeedTreeWindMotion.uexp" 220
"../../../Engine/Plugins/Editor/SpeedTreeImporter/Content/SpeedTree9/SpeedTreeBranchMotion.uasset" 221
"../../../Engine/Plugins/Editor/SpeedTreeImporter/Content/SpeedTree9/SpeedTreeBranchMotion.uexp" 222
"../../../Engine/Plugins/Editor/SpeedTreeImporter/Content/SpeedTree9/SpeedTreeWind.uasset" 223
"../../../Engine/Plugins/Editor/SpeedTreeImporter/Content/SpeedTree9/SpeedTreeWind.uexp" 224
"../../../Engine/Plugins/Editor/SpeedTreeImporter/Content/SpeedTree9/EmptyNormal.uasset" 225
"../../../Engine/Plugins/Editor/SpeedTreeImporter/Content/SpeedTree9/EmptyNormal.uexp" 226
"../../../Engine/Plugins/Editor/SpeedTreeImporter/Content/SpeedTree9/Empty.uasset" 227
"../../../Engine/Plugins/Editor/SpeedTreeImporter/Content/SpeedTree9/Empty.uexp" 228
"../../../Engine/Plugins/Editor/SpeedTreeImporter/Content/SpeedTree9/SpeedTreeMaster.uasset" 229
"../../../Engine/Plugins/Editor/SpeedTreeImporter/Content/SpeedTree9/SpeedTreeMaster.uexp" 230
"../../../Engine/Plugins/Editor/SpeedTreeImporter/Content/SpeedTree9/SpeedTreeBillboard.uasset" 231
"../../../Engine/Plugins/Editor/SpeedTreeImporter/Content/SpeedTree9/SpeedTreeBillboard.uexp" 232
"../../../Engine/Plugins/Editor/SpeedTreeImporter/Content/SpeedTree9/SpeedTreeBillboardMaster.uasset" 233
"../../../Engine/Plugins/Editor/SpeedTreeImporter/Content/SpeedTree9/SpeedTreeBillboardMaster.uexp" 234
"../../../Engine/Content/Functions/Engine_MaterialFunctions02/WorldPositionOffset/CameraOffset.uasset" 235
"../../../Engine/Content/Functions/Engine_MaterialFunctions02/WorldPositionOffset/CameraOffset.uexp" 236
"../../../Engine/Plugins/Animation/ControlRig/Content/M_Manip.uasset" 237
"../../../Engine/Plugins/Animation/ControlRig/Content/M_Manip.uexp" 238
"../../../Engine/Plugins/Animation/ControlRig/Content/Controls/ControlRig_Wedge_solid.uasset" 239
"../../../Engine/Plugins/Animation/ControlRig/Content/Controls/ControlRig_Wedge_solid.uexp" 240
"../../../Engine/Plugins/Animation/ControlRig/Content/Controls/ControlRig_Wedge_3mm.uasset" 241
"../../../Engine/Plugins/Animation/ControlRig/Content/Controls/ControlRig_Wedge_3mm.uexp" 242
"../../../Engine/Plugins/Animation/ControlRig/Content/Controls/ControlRig_Wedge_1mm.uasset" 243
"../../../Engine/Plugins/Animation/ControlRig/Content/Controls/ControlRig_Wedge_1mm.uexp" 244
"../../../Engine/Plugins/Animation/ControlRig/Content/Controls/ControlRig_Triangle_solid.uasset" 245
"../../../Engine/Plugins/Animation/ControlRig/Content/Controls/ControlRig_Triangle_solid.uexp" 246
"../../../Engine/Plugins/Animation/ControlRig/Content/Controls/ControlRig_Triangle_3mm.uasset" 247
"../../../Engine/Plugins/Animation/ControlRig/Content/Controls/ControlRig_Triangle_3mm.uexp" 248
"../../../Engine/Plugins/Animation/ControlRig/Content/Controls/ControlRig_Triangle_1mm.uasset" 249
"../../../Engine/Plugins/Animation/ControlRig/Content/Controls/ControlRig_Triangle_1mm.uexp" 250
"../../../Engine/Plugins/Animation/ControlRig/Content/Controls/ControlRig_Star4_solid.uasset" 251
"../../../Engine/Plugins/Animation/ControlRig/Content/Controls/ControlRig_Star4_solid.uexp" 252
"../../../Engine/Plugins/Animation/ControlRig/Content/Controls/ControlRig_Star4_3mm.uasset" 253
"../../../Engine/Plugins/Animation/ControlRig/Content/Controls/ControlRig_Star4_3mm.uexp" 254
"../../../Engine/Plugins/Animation/ControlRig/Content/Controls/ControlRig_Star4_1mm.uasset" 255
"../../../Engine/Plugins/Animation/ControlRig/Content/Controls/ControlRig_Star4_1mm.uexp" 256
"../../../Engine/Plugins/Animation/ControlRig/Content/Controls/ControlRig_Square_solid.uasset" 257
"../../../Engine/Plugins/Animation/ControlRig/Content/Controls/ControlRig_Square_solid.uexp" 258
"../../../Engine/Plugins/Animation/ControlRig/Content/Controls/ControlRig_Square_3mm.uasset" 259
"../../../Engine/Plugins/Animation/ControlRig/Content/Controls/ControlRig_Square_3mm.uexp" 260
"../../../Engine/Plugins/Animation/ControlRig/Content/Controls/ControlRig_Square_1mm.uasset" 261
"../../../Engine/Plugins/Animation/ControlRig/Content/Controls/ControlRig_Square_1mm.uexp" 262
"../../../Engine/Plugins/Animation/ControlRig/Content/Controls/ControlRig_Sphere_solid.uasset" 263
"../../../Engine/Plugins/Animation/ControlRig/Content/Controls/ControlRig_Sphere_solid.uexp" 264
"../../../Engine/Plugins/Animation/ControlRig/Content/Controls/ControlRig_Sphere_3mm.uasset" 265
"../../../Engine/Plugins/Animation/ControlRig/Content/Controls/ControlRig_Sphere_3mm.uexp" 266
"../../../Engine/Plugins/Animation/ControlRig/Content/Controls/ControlRig_Sphere_1mm.uasset" 267
"../../../Engine/Plugins/Animation/ControlRig/Content/Controls/ControlRig_Sphere_1mm.uexp" 268
"../../../Engine/Plugins/Animation/ControlRig/Content/Controls/ControlRig_RoundedTriangle_solid.uasset" 269
"../../../Engine/Plugins/Animation/ControlRig/Content/Controls/ControlRig_RoundedTriangle_solid.uexp" 270
"../../../Engine/Plugins/Animation/ControlRig/Content/Controls/ControlRig_RoundedTriangle_3mm.uasset" 271
"../../../Engine/Plugins/Animation/ControlRig/Content/Controls/ControlRig_RoundedTriangle_3mm.uexp" 272
"../../../Engine/Plugins/Animation/ControlRig/Content/Controls/ControlRig_RoundedTriangle_1mm.uasset" 273
"../../../Engine/Plugins/Animation/ControlRig/Content/Controls/ControlRig_RoundedTriangle_1mm.uexp" 274
"../../../Engine/Plugins/Animation/ControlRig/Content/Controls/ControlRig_RoundedSquare_solid.uasset" 275
"../../../Engine/Plugins/Animation/ControlRig/Content/Controls/ControlRig_RoundedSquare_solid.uexp" 276
"../../../Engine/Plugins/Animation/ControlRig/Content/Controls/ControlRig_RoundedSquare_3mm.uasset" 277
"../../../Engine/Plugins/Animation/ControlRig/Content/Controls/ControlRig_RoundedSquare_3mm.uexp" 278
"../../../Engine/Plugins/Animation/ControlRig/Content/Controls/ControlRig_RoundedSquare_1mm.uasset" 279
"../../../Engine/Plugins/Animation/ControlRig/Content/Controls/ControlRig_RoundedSquare_1mm.uexp" 280
"../../../Engine/Plugins/Animation/ControlRig/Content/Controls/ControlRig_QuarterCircle_solid.uasset" 281
"../../../Engine/Plugins/Animation/ControlRig/Content/Controls/ControlRig_QuarterCircle_solid.uexp" 282
"../../../Engine/Plugins/Animation/ControlRig/Content/Controls/ControlRig_QuarterCircle_3mm.uasset" 283
"../../../Engine/Plugins/Animation/ControlRig/Content/Controls/ControlRig_QuarterCircle_3mm.uexp" 284
"../../../Engine/Plugins/Animation/ControlRig/Content/Controls/ControlRig_QuarterCircle_1mm.uasset" 285
"../../../Engine/Plugins/Animation/ControlRig/Content/Controls/ControlRig_QuarterCircle_1mm.uexp" 286
"../../../Engine/Plugins/Animation/ControlRig/Content/Controls/ControlRig_Pyramid_solid.uasset" 287
"../../../Engine/Plugins/Animation/ControlRig/Content/Controls/ControlRig_Pyramid_solid.uexp" 288
"../../../Engine/Plugins/Animation/ControlRig/Content/Controls/ControlRig_Pyramid_3mm.uasset" 289
"../../../Engine/Plugins/Animation/ControlRig/Content/Controls/ControlRig_Pyramid_3mm.uexp" 290
"../../../Engine/Plugins/Animation/ControlRig/Content/Controls/ControlRig_Pyramid_1mm.uasset" 291
"../../../Engine/Plugins/Animation/ControlRig/Content/Controls/ControlRig_Pyramid_1mm.uexp" 292
"../../../Engine/Plugins/Animation/ControlRig/Content/Controls/ControlRig_Octagon_solid.uasset" 293
"../../../Engine/Plugins/Animation/ControlRig/Content/Controls/ControlRig_Octagon_solid.uexp" 294
"../../../Engine/Plugins/Animation/ControlRig/Content/Controls/ControlRig_Octagon_3mm.uasset" 295
"../../../Engine/Plugins/Animation/ControlRig/Content/Controls/ControlRig_Octagon_3mm.uexp" 296
"../../../Engine/Plugins/Animation/ControlRig/Content/Controls/ControlRig_Octagon_1mm.uasset" 297
"../../../Engine/Plugins/Animation/ControlRig/Content/Controls/ControlRig_Octagon_1mm.uexp" 298
"../../../Engine/Plugins/Animation/ControlRig/Content/Controls/ControlRig_Hexagon_solid.uasset" 299
"../../../Engine/Plugins/Animation/ControlRig/Content/Controls/ControlRig_Hexagon_solid.uexp" 300
"../../../Engine/Plugins/Animation/ControlRig/Content/Controls/ControlRig_Hexagon_3mm.uasset" 301
"../../../Engine/Plugins/Animation/ControlRig/Content/Controls/ControlRig_Hexagon_3mm.uexp" 302
"../../../Engine/Plugins/Animation/ControlRig/Content/Controls/ControlRig_Hexagon_1mm.uasset" 303
"../../../Engine/Plugins/Animation/ControlRig/Content/Controls/ControlRig_Hexagon_1mm.uexp" 304
"../../../Engine/Plugins/Animation/ControlRig/Content/Controls/ControlRig_HalfCircle_solid.uasset" 305
"../../../Engine/Plugins/Animation/ControlRig/Content/Controls/ControlRig_HalfCircle_solid.uexp" 306
"../../../Engine/Plugins/Animation/ControlRig/Content/Controls/ControlRig_HalfCircle_3mm.uasset" 307
"../../../Engine/Plugins/Animation/ControlRig/Content/Controls/ControlRig_HalfCircle_3mm.uexp" 308
"../../../Engine/Plugins/Animation/ControlRig/Content/Controls/ControlRig_HalfCircle_1mm.uasset" 309
"../../../Engine/Plugins/Animation/ControlRig/Content/Controls/ControlRig_HalfCircle_1mm.uexp" 310
"../../../Engine/Plugins/Animation/ControlRig/Content/Controls/ControlRig_Diamond_solid.uasset" 311
"../../../Engine/Plugins/Animation/ControlRig/Content/Controls/ControlRig_Diamond_solid.uexp" 312
"../../../Engine/Plugins/Animation/ControlRig/Content/Controls/ControlRig_Diamond_3mm.uasset" 313
"../../../Engine/Plugins/Animation/ControlRig/Content/Controls/ControlRig_Diamond_3mm.uexp" 314
"../../../Engine/Plugins/Animation/ControlRig/Content/Controls/ControlRig_Diamond_1mm.uasset" 315
"../../../Engine/Plugins/Animation/ControlRig/Content/Controls/ControlRig_Diamond_1mm.uexp" 316
"../../../Engine/Plugins/Animation/ControlRig/Content/Controls/ControlRig_Circle_solid.uasset" 317
"../../../Engine/Plugins/Animation/ControlRig/Content/Controls/ControlRig_Circle_solid.uexp" 318
"../../../Engine/Plugins/Animation/ControlRig/Content/Controls/ControlRig_Circle_3mm.uasset" 319
"../../../Engine/Plugins/Animation/ControlRig/Content/Controls/ControlRig_Circle_3mm.uexp" 320
"../../../Engine/Plugins/Animation/ControlRig/Content/Controls/ControlRig_Circle_1mm.uasset" 321
"../../../Engine/Plugins/Animation/ControlRig/Content/Controls/ControlRig_Circle_1mm.uexp" 322
"../../../Engine/Plugins/Animation/ControlRig/Content/Controls/ControlRig_Box_solid.uasset" 323
"../../../Engine/Plugins/Animation/ControlRig/Content/Controls/ControlRig_Box_solid.uexp" 324
"../../../Engine/Plugins/Animation/ControlRig/Content/Controls/ControlRig_Box_3mm.uasset" 325
"../../../Engine/Plugins/Animation/ControlRig/Content/Controls/ControlRig_Box_3mm.uexp" 326
"../../../Engine/Plugins/Animation/ControlRig/Content/Controls/ControlRig_Box_1mm.uasset" 327
"../../../Engine/Plugins/Animation/ControlRig/Content/Controls/ControlRig_Box_1mm.uexp" 328
"../../../Engine/Plugins/Animation/ControlRig/Content/Controls/ControlRig_Arrow_solid.uasset" 329
"../../../Engine/Plugins/Animation/ControlRig/Content/Controls/ControlRig_Arrow_solid.uexp" 330
"../../../Engine/Plugins/Animation/ControlRig/Content/Controls/ControlRig_Arrow_3mm.uasset" 331
"../../../Engine/Plugins/Animation/ControlRig/Content/Controls/ControlRig_Arrow_3mm.uexp" 332
"../../../Engine/Plugins/Animation/ControlRig/Content/Controls/ControlRig_Arrow_1mm.uasset" 333
"../../../Engine/Plugins/Animation/ControlRig/Content/Controls/ControlRig_Arrow_1mm.uexp" 334
"../../../Engine/Plugins/Animation/ControlRig/Content/Controls/ControlRig_Arrow4_solid.uasset" 335
"../../../Engine/Plugins/Animation/ControlRig/Content/Controls/ControlRig_Arrow4_solid.uexp" 336
"../../../Engine/Plugins/Animation/ControlRig/Content/Controls/ControlRig_Arrow4_3mm.uasset" 337
"../../../Engine/Plugins/Animation/ControlRig/Content/Controls/ControlRig_Arrow4_3mm.uexp" 338
"../../../Engine/Plugins/Animation/ControlRig/Content/Controls/ControlRig_Arrow4_1mm.uasset" 339
"../../../Engine/Plugins/Animation/ControlRig/Content/Controls/ControlRig_Arrow4_1mm.uexp" 340
"../../../Engine/Plugins/Animation/ControlRig/Content/Controls/ControlRig_Arrow2_solid.uasset" 341
"../../../Engine/Plugins/Animation/ControlRig/Content/Controls/ControlRig_Arrow2_solid.uexp" 342
"../../../Engine/Plugins/Animation/ControlRig/Content/Controls/ControlRig_Arrow2_3mm.uasset" 343
"../../../Engine/Plugins/Animation/ControlRig/Content/Controls/ControlRig_Arrow2_3mm.uexp" 344
"../../../Engine/Plugins/Animation/ControlRig/Content/Controls/ControlRig_Arrow2_1mm.uasset" 345
"../../../Engine/Plugins/Animation/ControlRig/Content/Controls/ControlRig_Arrow2_1mm.uexp" 346
"../../../Engine/Plugins/Animation/ControlRig/Content/Controls/ControlRigXRayMaterial.uasset" 347
"../../../Engine/Plugins/Animation/ControlRig/Content/Controls/ControlRigXRayMaterial.uexp" 348
"../../../Engine/Plugins/Animation/ControlRig/Content/Controls/ControlRigGizmoMaterial.uasset" 349
"../../../Engine/Plugins/Animation/ControlRig/Content/Controls/ControlRigGizmoMaterial.uexp" 350
"../../../Engine/Plugins/2D/Paper2D/Content/DefaultSpriteMaterial.uasset" 351
"../../../Engine/Plugins/2D/Paper2D/Content/DefaultSpriteMaterial.uexp" 352
"../../../Engine/Plugins/2D/Paper2D/Content/OpaqueUnlitSpriteMaterial.uasset" 353
"../../../Engine/Plugins/2D/Paper2D/Content/OpaqueUnlitSpriteMaterial.uexp" 354
"../../../Engine/Plugins/2D/Paper2D/Content/MaskedUnlitSpriteMaterial.uasset" 355
"../../../Engine/Plugins/2D/Paper2D/Content/MaskedUnlitSpriteMaterial.uexp" 356
"../../../Engine/Content/EngineResources/GradientTexture0.uasset" 357
"../../../Engine/Content/EngineResources/GradientTexture0.uexp" 358
"../../../Engine/Content/EngineResources/Black.uasset" 359
"../../../Engine/Content/EngineResources/Black.uexp" 360
"../../../Engine/Content/EngineResources/WhiteSquareTexture.uasset" 361
"../../../Engine/Content/EngineResources/WhiteSquareTexture.uexp" 362
"../../../Engine/Content/EngineMaterials/Widget3DPassThrough.uasset" 363
"../../../Engine/Content/EngineMaterials/Widget3DPassThrough.uexp" 364
"../../../Engine/Content/EngineMaterials/Widget3DPassThrough_Translucent.uasset" 365
"../../../Engine/Content/EngineMaterials/Widget3DPassThrough_Translucent.uexp" 366
"../../../Engine/Content/EngineMaterials/Widget3DPassThrough_Translucent_OneSided.uasset" 367
"../../../Engine/Content/EngineMaterials/Widget3DPassThrough_Translucent_OneSided.uexp" 368
"../../../Engine/Content/EngineMaterials/Widget3DPassThrough_Opaque.uasset" 369
"../../../Engine/Content/EngineMaterials/Widget3DPassThrough_Opaque.uexp" 370
"../../../Engine/Content/EngineMaterials/Widget3DPassThrough_Opaque_OneSided.uasset" 371
"../../../Engine/Content/EngineMaterials/Widget3DPassThrough_Opaque_OneSided.uexp" 372
"../../../Engine/Content/EngineMaterials/Widget3DPassThrough_Masked_OneSided.uasset" 373
"../../../Engine/Content/EngineMaterials/Widget3DPassThrough_Masked_OneSided.uexp" 374
"../../../Engine/Content/EngineMaterials/Widget3DPassThrough_Masked.uasset" 375
"../../../Engine/Content/EngineMaterials/Widget3DPassThrough_Masked.uexp" 376
"../../../Engine/Content/EngineMaterials/WeightMapPlaceholderTexture.uasset" 377
"../../../Engine/Content/EngineMaterials/WeightMapPlaceholderTexture.uexp" 378
"../../../Engine/Content/EngineMaterials/WeightMapArrayPlaceholderTexture.uasset" 379
"../../../Engine/Content/EngineMaterials/WeightMapArrayPlaceholderTexture.uexp" 380
"../../../Engine/Content/EngineMaterials/RemoveSurfaceMaterial.uasset" 381
"../../../Engine/Content/EngineMaterials/RemoveSurfaceMaterial.uexp" 382
"../../../Engine/Content/EngineMaterials/PreintegratedSkinBRDF.uasset" 383
"../../../Engine/Content/EngineMaterials/PreintegratedSkinBRDF.uexp" 384
"../../../Engine/Content/EngineMaterials/DefaultCalibrationGrayscale.uasset" 385
"../../../Engine/Content/EngineMaterials/DefaultCalibrationGrayscale.uexp" 386
"../../../Engine/Content/EngineMaterials/PPM_DefaultCalibrationGrayscale.uasset" 387
"../../../Engine/Content/EngineMaterials/PPM_DefaultCalibrationGrayscale.uexp" 388
"../../../Engine/Content/EngineMaterials/DefaultCalibrationColor.uasset" 389
"../../../Engine/Content/EngineMaterials/DefaultCalibrationColor.uexp" 390
"../../../Engine/Content/EngineMaterials/PPM_DefaultCalibrationColor.uasset" 391
"../../../Engine/Content/EngineMaterials/PPM_DefaultCalibrationColor.uexp" 392
"../../../Engine/Content/EngineMaterials/PhAT_JointLimitMaterial.uasset" 393
"../../../Engine/Content/EngineMaterials/PhAT_JointLimitMaterial.uexp" 394
"../../../Engine/Content/EngineMaterials/NaniteHiddenSectionMaterial.uasset" 395
"../../../Engine/Content/EngineMaterials/NaniteHiddenSectionMaterial.uexp" 396
"../../../Engine/Content/EngineMaterials/InvalidLightmapSettings.ubulk" 397
"../../../Engine/Content/EngineMaterials/InvalidLightmapSettings.uasset" 398
"../../../Engine/Content/EngineMaterials/InvalidLightmapSettings.uexp" 399
"../../../Engine/Content/EngineMaterials/M_InvalidLightmapSettings.uasset" 400
"../../../Engine/Content/EngineMaterials/M_InvalidLightmapSettings.uexp" 401
"../../../Engine/Content/EngineMaterials/MiniFont.uasset" 402
"../../../Engine/Content/EngineMaterials/MiniFont.uexp" 403
"../../../Engine/Content/EngineMaterials/GizmoMaterial.uasset" 404
"../../../Engine/Content/EngineMaterials/GizmoMaterial.uexp" 405
"../../../Engine/Content/EngineMaterials/BaseFlattenEmissiveMap_VT.uasset" 406
"../../../Engine/Content/EngineMaterials/BaseFlattenEmissiveMap_VT.uexp" 407
"../../../Engine/Content/EngineMaterials/BaseFlattenGrayscaleMap_VT.uasset" 408
"../../../Engine/Content/EngineMaterials/BaseFlattenGrayscaleMap_VT.uexp" 409
"../../../Engine/Content/EngineMaterials/BaseFlattenLinearColor_VT.uasset" 410
"../../../Engine/Content/EngineMaterials/BaseFlattenLinearColor_VT.uexp" 411
"../../../Engine/Content/EngineMaterials/Black_1x1_EXR_Texture_VT.uasset" 412
"../../../Engine/Content/EngineMaterials/Black_1x1_EXR_Texture_VT.uexp" 413
"../../../Engine/Content/EngineMaterials/BaseFlattenDiffuseMap_VT.uasset" 414
"../../../Engine/Content/EngineMaterials/BaseFlattenDiffuseMap_VT.uexp" 415
"../../../Engine/Content/EngineMaterials/BaseFlattenNormalMap_VT.uasset" 416
"../../../Engine/Content/EngineMaterials/BaseFlattenNormalMap_VT.uexp" 417
"../../../Engine/Content/EngineMaterials/FlattenMaterial_WS_Normal_VT.uasset" 418
"../../../Engine/Content/EngineMaterials/FlattenMaterial_WS_Normal_VT.uexp" 419
"../../../Engine/Content/EngineMaterials/FlattenMaterial_VT.uasset" 420
"../../../Engine/Content/EngineMaterials/FlattenMaterial_VT.uexp" 421
"../../../Engine/Content/EngineMaterials/BaseFlattenNormalMap.uasset" 422
"../../../Engine/Content/EngineMaterials/BaseFlattenNormalMap.uexp" 423
"../../../Engine/Content/EngineMaterials/BaseFlattenGrayscaleMap.uasset" 424
"../../../Engine/Content/EngineMaterials/BaseFlattenGrayscaleMap.uexp" 425
"../../../Engine/Content/EngineMaterials/BaseFlattenDiffuseMap.uasset" 426
"../../../Engine/Content/EngineMaterials/BaseFlattenDiffuseMap.uexp" 427
"../../../Engine/Content/Functions/Engine_MaterialFunctions02/PivotPainter2/Black_1x1_EXR_Texture.uasset" 428
"../../../Engine/Content/Functions/Engine_MaterialFunctions02/PivotPainter2/Black_1x1_EXR_Texture.uexp" 429
"../../../Engine/Content/EngineMaterials/BaseFlattenEmissiveMap.uasset" 430
"../../../Engine/Content/EngineMaterials/BaseFlattenEmissiveMap.uexp" 431
"../../../Engine/Content/EngineMaterials/BaseFlattenLinearColor.uasset" 432
"../../../Engine/Content/EngineMaterials/BaseFlattenLinearColor.uexp" 433
"../../../Engine/Content/EngineMaterials/FlattenMaterial.uasset" 434
"../../../Engine/Content/EngineMaterials/FlattenMaterial.uexp" 435
"../../../Engine/Content/EngineMaterials/FastBlueNoise_vec2_128x128x64.uasset" 436
"../../../Engine/Content/EngineMaterials/FastBlueNoise_vec2_128x128x64.uexp" 437
"../../../Engine/Content/EngineMaterials/FastBlueNoise_scalar_128x128x64.uasset" 438
"../../../Engine/Content/EngineMaterials/FastBlueNoise_scalar_128x128x64.uexp" 439
"../../../Engine/Content/EngineMaterials/DefaultWhiteGrid_Low.uasset" 440
"../../../Engine/Content/EngineMaterials/DefaultWhiteGrid_Low.uexp" 441
"../../../Engine/Content/EngineMaterials/EmissiveMeshMaterial.uasset" 442
"../../../Engine/Content/EngineMaterials/EmissiveMeshMaterial.uexp" 443
"../../../Engine/Content/EngineMaterials/DefaultWhiteGrid.ubulk" 444
"../../../Engine/Content/EngineMaterials/DefaultWhiteGrid.uasset" 445
"../../../Engine/Content/EngineMaterials/DefaultWhiteGrid.uexp" 446
"../../../Engine/Content/EngineFonts/RobotoDistanceField.uasset" 447
"../../../Engine/Content/EngineFonts/RobotoDistanceField.uexp" 448
"../../../Engine/Content/EngineMaterials/DefaultTextMaterialOpaque.uasset" 449
"../../../Engine/Content/EngineMaterials/DefaultTextMaterialOpaque.uexp" 450
"../../../Engine/Content/EngineMaterials/DefaultDiffuse.ubulk" 451
"../../../Engine/Content/EngineMaterials/DefaultDiffuse.uasset" 452
"../../../Engine/Content/EngineMaterials/DefaultDiffuse.uexp" 453
"../../../Engine/Content/EngineMaterials/DefaultPostProcessMaterial.uasset" 454
"../../../Engine/Content/EngineMaterials/DefaultPostProcessMaterial.uexp" 455
"../../../Engine/Content/EngineMaterials/DefaultLightFunctionMaterial.uasset" 456
"../../../Engine/Content/EngineMaterials/DefaultLightFunctionMaterial.uexp" 457
"../../../Engine/Content/EngineMaterials/DefaultDeferredDecalMaterial.uasset" 458
"../../../Engine/Content/EngineMaterials/DefaultDeferredDecalMaterial.uexp" 459
"../../../Engine/Content/EngineMaterials/DefaultBokeh.uasset" 460
"../../../Engine/Content/EngineMaterials/DefaultBokeh.uexp" 461
"../../../Engine/Content/EngineMaterials/DefaultBloomKernel.uasset" 462
"../../../Engine/Content/EngineMaterials/DefaultBloomKernel.uexp" 463
"../../../Engine/Content/Functions/Engine_MaterialFunctions02/Utility/CameraDirectionVector.uasset" 464
"../../../Engine/Content/Functions/Engine_MaterialFunctions02/Utility/CameraDirectionVector.uexp" 465
"../../../Engine/Content/EngineDebugMaterials/VolumeToRender.uasset" 466
"../../../Engine/Content/EngineDebugMaterials/VolumeToRender.uexp" 467
"../../../Engine/Content/EngineDebugMaterials/M_VolumeRenderSphereTracePP.uasset" 468
"../../../Engine/Content/EngineDebugMaterials/M_VolumeRenderSphereTracePP.uexp" 469
"../../../Engine/Content/EngineDebugMaterials/M_SimpleUnlitTranslucent.uasset" 470
"../../../Engine/Content/EngineDebugMaterials/M_SimpleUnlitTranslucent.uexp" 471
"../../../Engine/Content/EngineDebugMaterials/DebugMeshMaterial.uasset" 472
"../../../Engine/Content/EngineDebugMaterials/DebugMeshMaterial.uexp" 473
"../../../Engine/Content/EngineDebugMaterials/DebugEditorMaterial.uasset" 474
"../../../Engine/Content/EngineDebugMaterials/DebugEditorMaterial.uexp" 475
"../../../Engine/Content/EngineDamageTypes/DmgTypeBP_Environmental.uasset" 476
"../../../Engine/Content/EngineDamageTypes/DmgTypeBP_Environmental.uexp" 477
"../../../Engine/Content/EditorResources/S_Terrain.ubulk" 478
"../../../Engine/Content/EditorResources/S_Terrain.uasset" 479
"../../../Engine/Content/EditorResources/S_Terrain.uexp" 480
"../../../Engine/Content/EditorResources/S_Solver.ubulk" 481
"../../../Engine/Content/EditorResources/S_Solver.uasset" 482
"../../../Engine/Content/EditorResources/S_Solver.uexp" 483
"../../../Engine/Content/EditorResources/BSPVertex.uasset" 484
"../../../Engine/Content/EditorResources/BSPVertex.uexp" 485
"../../../Engine/Content/EditorMaterials/PreviewShadowIndicator.ubulk" 486
"../../../Engine/Content/EditorMaterials/PreviewShadowIndicator.uasset" 487
"../../../Engine/Content/EditorMaterials/PreviewShadowIndicator.uexp" 488
"../../../Engine/Content/EditorMaterials/PreviewShadowIndicatorMaterial.uasset" 489
"../../../Engine/Content/EditorMaterials/PreviewShadowIndicatorMaterial.uexp" 490
"../../../Engine/Content/EditorMaterials/PhAT_UnselectedMaterial.uasset" 491
"../../../Engine/Content/EditorMaterials/PhAT_UnselectedMaterial.uexp" 492
"../../../Engine/Content/EditorMaterials/PhAT_NoCollisionMaterial.uasset" 493
"../../../Engine/Content/EditorMaterials/PhAT_NoCollisionMaterial.uexp" 494
"../../../Engine/Content/EditorLandscapeResources/SplineEditorMeshMat.uasset" 495
"../../../Engine/Content/EditorLandscapeResources/SplineEditorMeshMat.uexp" 496
"../../../Engine/Content/EditorLandscapeResources/SplineEditorMesh.uasset" 497
"../../../Engine/Content/EditorLandscapeResources/SplineEditorMesh.uexp" 498
"../../../Engine/Content/EditorLandscapeResources/DefaultAlphaTexture.uasset" 499
"../../../Engine/Content/EditorLandscapeResources/DefaultAlphaTexture.uexp" 500
"../../../Engine/Content/EngineMaterials/DefaultMaterial.uasset" 501
"../../../Engine/Content/EngineMaterials/DefaultMaterial.uexp" 502
"../../../Engine/Content/BasicShapes/Sphere.uasset" 503
"../../../Engine/Content/BasicShapes/Sphere.uexp" 504
"../../../Engine/Content/BasicShapes/Plane.uasset" 505
"../../../Engine/Content/BasicShapes/Plane.uexp" 506
"../../../Engine/Content/BasicShapes/Cylinder.uasset" 507
"../../../Engine/Content/BasicShapes/Cylinder.uexp" 508
"../../../Engine/Content/BasicShapes/Cube.uasset" 509
"../../../Engine/Content/BasicShapes/Cube.uexp" 510
"../../../Engine/Content/BasicShapes/Cone.uasset" 511
"../../../Engine/Content/BasicShapes/Cone.uexp" 512
"../../../Engine/Content/BasicShapes/BasicShapeMaterial.uasset" 513
"../../../Engine/Content/BasicShapes/BasicShapeMaterial.uexp" 514
"../../../Engine/Plugins/Interchange/Assets/Content/gltf/Textures/T_White_srgb.uasset" 515
"../../../Engine/Plugins/Interchange/Assets/Content/gltf/Textures/T_White_srgb.uexp" 516
"../../../Engine/Plugins/Interchange/Assets/Content/gltf/MaterialFunctions/MF_BaseColor.uasset" 517
"../../../Engine/Plugins/Interchange/Assets/Content/gltf/MaterialFunctions/MF_BaseColor.uexp" 518
"../../../Engine/Plugins/Interchange/Assets/Content/gltf/MaterialFunctions/MF_RotateV2.uasset" 519
"../../../Engine/Plugins/Interchange/Assets/Content/gltf/MaterialFunctions/MF_RotateV2.uexp" 520
"../../../Engine/Plugins/Interchange/Assets/Content/gltf/MaterialFunctions/MF_TransformUVs.uasset" 521
"../../../Engine/Plugins/Interchange/Assets/Content/gltf/MaterialFunctions/MF_TransformUVs.uexp" 522
"../../../Engine/Plugins/Interchange/Assets/Content/gltf/MaterialBodies/MF_Unlit_Body.uasset" 523
"../../../Engine/Plugins/Interchange/Assets/Content/gltf/MaterialBodies/MF_Unlit_Body.uexp" 524
"../../../Engine/Plugins/Interchange/Assets/Content/gltf/M_Unlit.uasset" 525
"../../../Engine/Plugins/Interchange/Assets/Content/gltf/M_Unlit.uexp" 526
"../../../Engine/Plugins/Interchange/Assets/Content/gltf/MaterialInstances/MI_Unlit_Opaque_DS.uasset" 527
"../../../Engine/Plugins/Interchange/Assets/Content/gltf/MaterialInstances/MI_Unlit_Opaque_DS.uexp" 528
"../../../Engine/Plugins/Interchange/Assets/Content/gltf/MaterialInstances/MI_Unlit_Opaque.uasset" 529
"../../../Engine/Plugins/Interchange/Assets/Content/gltf/MaterialInstances/MI_Unlit_Opaque.uexp" 530
"../../../Engine/Plugins/Interchange/Assets/Content/gltf/MaterialInstances/MI_Unlit_Mask_DS.uasset" 531
"../../../Engine/Plugins/Interchange/Assets/Content/gltf/MaterialInstances/MI_Unlit_Mask_DS.uexp" 532
"../../../Engine/Plugins/Interchange/Assets/Content/gltf/MaterialInstances/MI_Unlit_Mask.uasset" 533
"../../../Engine/Plugins/Interchange/Assets/Content/gltf/MaterialInstances/MI_Unlit_Mask.uexp" 534
"../../../Engine/Plugins/Interchange/Assets/Content/gltf/MaterialInstances/MI_Unlit_Blend_DS.uasset" 535
"../../../Engine/Plugins/Interchange/Assets/Content/gltf/MaterialInstances/MI_Unlit_Blend_DS.uexp" 536
"../../../Engine/Plugins/Interchange/Assets/Content/gltf/MaterialInstances/MI_Unlit_Blend.uasset" 537
"../../../Engine/Plugins/Interchange/Assets/Content/gltf/MaterialInstances/MI_Unlit_Blend.uexp" 538
"../../../Engine/Content/Functions/Engine_MaterialFunctions02/Math/Transform3x3Matrix.uasset" 539
"../../../Engine/Content/Functions/Engine_MaterialFunctions02/Math/Transform3x3Matrix.uexp" 540
"../../../Engine/Content/EngineMaterials/Good64x64TilingNoiseHighFreq.uasset" 541
"../../../Engine/Content/EngineMaterials/Good64x64TilingNoiseHighFreq.uexp" 542
"../../../Engine/Content/Functions/Engine_MaterialFunctions02/Texturing/ScreenAlignedPixelToPixelUVs.uasset" 543
"../../../Engine/Content/Functions/Engine_MaterialFunctions02/Texturing/ScreenAlignedPixelToPixelUVs.uexp" 544
"../../../Engine/Plugins/Interchange/Assets/Content/gltf/MaterialFunctions/MF_Temporal_Blur.uasset" 545
"../../../Engine/Plugins/Interchange/Assets/Content/gltf/MaterialFunctions/MF_Temporal_Blur.uexp" 546
"../../../Engine/Plugins/Interchange/Assets/Content/gltf/MaterialFunctions/MF_Specular.uasset" 547
"../../../Engine/Plugins/Interchange/Assets/Content/gltf/MaterialFunctions/MF_Specular.uexp" 548
"../../../Engine/Plugins/Interchange/Assets/Content/gltf/Textures/T_Anisotropy_Direction_Linear.uasset" 549
"../../../Engine/Plugins/Interchange/Assets/Content/gltf/Textures/T_Anisotropy_Direction_Linear.uexp" 550
"../../../Engine/Plugins/Interchange/Assets/Content/gltf/MaterialFunctions/MF_SpecularAnisotropy.uasset" 551
"../../../Engine/Plugins/Interchange/Assets/Content/gltf/MaterialFunctions/MF_SpecularAnisotropy.uexp" 552
"../../../Engine/Plugins/Interchange/Assets/Content/gltf/Textures/T_White_Linear.uasset" 553
"../../../Engine/Plugins/Interchange/Assets/Content/gltf/Textures/T_White_Linear.uexp" 554
"../../../Engine/Plugins/Interchange/Assets/Content/gltf/MaterialFunctions/MF_MetallicRoughness.uasset" 555
"../../../Engine/Plugins/Interchange/Assets/Content/gltf/MaterialFunctions/MF_MetallicRoughness.uexp" 556
"../../../Engine/Plugins/Interchange/Assets/Content/gltf/Textures/T_Generic_N.uasset" 557
"../../../Engine/Plugins/Interchange/Assets/Content/gltf/Textures/T_Generic_N.uexp" 558
"../../../Engine/Plugins/Interchange/Assets/Content/gltf/MaterialFunctions/MF_ScaleNormal.uasset" 559
"../../../Engine/Plugins/Interchange/Assets/Content/gltf/MaterialFunctions/MF_ScaleNormal.uexp" 560
"../../../Engine/Plugins/Interchange/Assets/Content/gltf/MaterialFunctions/MF_Fresnel_DS.uasset" 561
"../../../Engine/Plugins/Interchange/Assets/Content/gltf/MaterialFunctions/MF_Fresnel_DS.uexp" 562
"../../../Engine/Plugins/Interchange/Assets/Content/gltf/MaterialFunctions/MF_Iridescence.uasset" 563
"../../../Engine/Plugins/Interchange/Assets/Content/gltf/MaterialFunctions/MF_Iridescence.uexp" 564
"../../../Engine/Plugins/Interchange/Assets/Content/gltf/MaterialFunctions/MF_Occlusion.uasset" 565
"../../../Engine/Plugins/Interchange/Assets/Content/gltf/MaterialFunctions/MF_Occlusion.uexp" 566
"../../../Engine/Plugins/Interchange/Assets/Content/gltf/MaterialFunctions/MF_IOR.uasset" 567
"../../../Engine/Plugins/Interchange/Assets/Content/gltf/MaterialFunctions/MF_IOR.uexp" 568
"../../../Engine/Plugins/Interchange/Assets/Content/gltf/MaterialFunctions/MF_Transmission.uasset" 569
"../../../Engine/Plugins/Interchange/Assets/Content/gltf/MaterialFunctions/MF_Transmission.uexp" 570
"../../../Engine/Plugins/Interchange/Assets/Content/gltf/MaterialFunctions/MF_RotateNormals_TS.uasset" 571
"../../../Engine/Plugins/Interchange/Assets/Content/gltf/MaterialFunctions/MF_RotateNormals_TS.uexp" 572
"../../../Engine/Plugins/Interchange/Assets/Content/gltf/MaterialFunctions/MF_Normals.uasset" 573
"../../../Engine/Plugins/Interchange/Assets/Content/gltf/MaterialFunctions/MF_Normals.uexp" 574
"../../../Engine/Plugins/Interchange/Assets/Content/gltf/MaterialBodies/MF_Transmission_Body.uasset" 575
"../../../Engine/Plugins/Interchange/Assets/Content/gltf/MaterialBodies/MF_Transmission_Body.uexp" 576
"../../../Engine/Plugins/Interchange/Assets/Content/gltf/M_Transmission.uasset" 577
"../../../Engine/Plugins/Interchange/Assets/Content/gltf/M_Transmission.uexp" 578
"../../../Engine/Plugins/Interchange/Assets/Content/gltf/MaterialInstances/MI_Transmission_DS.uasset" 579
"../../../Engine/Plugins/Interchange/Assets/Content/gltf/MaterialInstances/MI_Transmission_DS.uexp" 580
"../../../Engine/Plugins/Interchange/Assets/Content/gltf/MaterialInstances/MI_Transmission.uasset" 581
"../../../Engine/Plugins/Interchange/Assets/Content/gltf/MaterialInstances/MI_Transmission.uexp" 582
"../../../Engine/Content/Functions/Engine_MaterialFunctions02/Math/AddComponents.uasset" 583
"../../../Engine/Content/Functions/Engine_MaterialFunctions02/Math/AddComponents.uexp" 584
"../../../Engine/Plugins/Interchange/Assets/Content/gltf/MaterialFunctions/MF_DiffuseSpecGloss.uasset" 585
"../../../Engine/Plugins/Interchange/Assets/Content/gltf/MaterialFunctions/MF_DiffuseSpecGloss.uexp" 586
"../../../Engine/Plugins/Interchange/Assets/Content/gltf/MaterialFunctions/MF_Emissive.uasset" 587
"../../../Engine/Plugins/Interchange/Assets/Content/gltf/MaterialFunctions/MF_Emissive.uexp" 588
"../../../Engine/Plugins/Interchange/Assets/Content/gltf/MaterialFunctions/MF_PerceivedBrightness.uasset" 589
"../../../Engine/Plugins/Interchange/Assets/Content/gltf/MaterialFunctions/MF_PerceivedBrightness.uexp" 590
"../../../Engine/Plugins/Interchange/Assets/Content/gltf/MaterialFunctions/MF_SpecGlossToMetalRoughness.uasset" 591
"../../../Engine/Plugins/Interchange/Assets/Content/gltf/MaterialFunctions/MF_SpecGlossToMetalRoughness.uexp" 592
"../../../Engine/Plugins/Interchange/Assets/Content/gltf/MaterialFunctions/MF_MaxComponentValue.uasset" 593
"../../../Engine/Plugins/Interchange/Assets/Content/gltf/MaterialFunctions/MF_MaxComponentValue.uexp" 594
"../../../Engine/Plugins/Interchange/Assets/Content/gltf/MaterialBodies/MF_SpecularGlossiness_Body.uasset" 595
"../../../Engine/Plugins/Interchange/Assets/Content/gltf/MaterialBodies/MF_SpecularGlossiness_Body.uexp" 596
"../../../Engine/Plugins/Interchange/Assets/Content/gltf/M_SpecularGlossiness.uasset" 597
"../../../Engine/Plugins/Interchange/Assets/Content/gltf/M_SpecularGlossiness.uexp" 598
"../../../Engine/Plugins/Interchange/Assets/Content/gltf/MaterialInstances/MI_SpecularGlossiness_Opaque_DS.uasset" 599
"../../../Engine/Plugins/Interchange/Assets/Content/gltf/MaterialInstances/MI_SpecularGlossiness_Opaque_DS.uexp" 600
"../../../Engine/Plugins/Interchange/Assets/Content/gltf/MaterialInstances/MI_SpecularGlossiness_Opaque.uasset" 601
"../../../Engine/Plugins/Interchange/Assets/Content/gltf/MaterialInstances/MI_SpecularGlossiness_Opaque.uexp" 602
"../../../Engine/Plugins/Interchange/Assets/Content/gltf/MaterialInstances/MI_SpecularGlossiness_Mask_DS.uasset" 603
"../../../Engine/Plugins/Interchange/Assets/Content/gltf/MaterialInstances/MI_SpecularGlossiness_Mask_DS.uexp" 604
"../../../Engine/Plugins/Interchange/Assets/Content/gltf/MaterialInstances/MI_SpecularGlossiness_Mask.uasset" 605
"../../../Engine/Plugins/Interchange/Assets/Content/gltf/MaterialInstances/MI_SpecularGlossiness_Mask.uexp" 606
"../../../Engine/Plugins/Interchange/Assets/Content/gltf/MaterialInstances/MI_SpecularGlossiness_Blend_DS.uasset" 607
"../../../Engine/Plugins/Interchange/Assets/Content/gltf/MaterialInstances/MI_SpecularGlossiness_Blend_DS.uexp" 608
"../../../Engine/Plugins/Interchange/Assets/Content/gltf/MaterialInstances/MI_SpecularGlossiness_Blend.uasset" 609
"../../../Engine/Plugins/Interchange/Assets/Content/gltf/MaterialInstances/MI_SpecularGlossiness_Blend.uexp" 610
"../../../Engine/Plugins/Interchange/Assets/Content/gltf/MaterialFunctions/MF_Sheen.uasset" 611
"../../../Engine/Plugins/Interchange/Assets/Content/gltf/MaterialFunctions/MF_Sheen.uexp" 612
"../../../Engine/Plugins/Interchange/Assets/Content/gltf/MaterialBodies/MF_Sheen_Body.uasset" 613
"../../../Engine/Plugins/Interchange/Assets/Content/gltf/MaterialBodies/MF_Sheen_Body.uexp" 614
"../../../Engine/Plugins/Interchange/Assets/Content/gltf/M_Sheen.uasset" 615
"../../../Engine/Plugins/Interchange/Assets/Content/gltf/M_Sheen.uexp" 616
"../../../Engine/Plugins/Interchange/Assets/Content/gltf/MaterialInstances/MI_Sheen_Opaque_DS.uasset" 617
"../../../Engine/Plugins/Interchange/Assets/Content/gltf/MaterialInstances/MI_Sheen_Opaque_DS.uexp" 618
"../../../Engine/Plugins/Interchange/Assets/Content/gltf/MaterialInstances/MI_Sheen_Opaque.uasset" 619
"../../../Engine/Plugins/Interchange/Assets/Content/gltf/MaterialInstances/MI_Sheen_Opaque.uexp" 620
"../../../Engine/Plugins/Interchange/Assets/Content/gltf/MaterialInstances/MI_Sheen_Mask_DS.uasset" 621
"../../../Engine/Plugins/Interchange/Assets/Content/gltf/MaterialInstances/MI_Sheen_Mask_DS.uexp" 622
"../../../Engine/Plugins/Interchange/Assets/Content/gltf/MaterialInstances/MI_Sheen_Mask.uasset" 623
"../../../Engine/Plugins/Interchange/Assets/Content/gltf/MaterialInstances/MI_Sheen_Mask.uexp" 624
"../../../Engine/Plugins/Interchange/Assets/Content/gltf/MaterialInstances/MI_Sheen_Blend_DS.uasset" 625
"../../../Engine/Plugins/Interchange/Assets/Content/gltf/MaterialInstances/MI_Sheen_Blend_DS.uexp" 626
"../../../Engine/Plugins/Interchange/Assets/Content/gltf/MaterialInstances/MI_Sheen_Blend.uasset" 627
"../../../Engine/Plugins/Interchange/Assets/Content/gltf/MaterialInstances/MI_Sheen_Blend.uexp" 628
"../../../Engine/Plugins/Interchange/Assets/Content/gltf/MaterialBodies/MF_Default_Body.uasset" 629
"../../../Engine/Plugins/Interchange/Assets/Content/gltf/MaterialBodies/MF_Default_Body.uexp" 630
"../../../Engine/Plugins/Interchange/Assets/Content/gltf/M_Default.uasset" 631
"../../../Engine/Plugins/Interchange/Assets/Content/gltf/M_Default.uexp" 632
"../../../Engine/Plugins/Interchange/Assets/Content/gltf/MaterialInstances/MI_Default_Opaque_DS.uasset" 633
"../../../Engine/Plugins/Interchange/Assets/Content/gltf/MaterialInstances/MI_Default_Opaque_DS.uexp" 634
"../../../Engine/Plugins/Interchange/Assets/Content/gltf/MaterialInstances/MI_Default_Opaque.uasset" 635
"../../../Engine/Plugins/Interchange/Assets/Content/gltf/MaterialInstances/MI_Default_Opaque.uexp" 636
"../../../Engine/Plugins/Interchange/Assets/Content/gltf/MaterialInstances/MI_Default_Mask_DS.uasset" 637
"../../../Engine/Plugins/Interchange/Assets/Content/gltf/MaterialInstances/MI_Default_Mask_DS.uexp" 638
"../../../Engine/Plugins/Interchange/Assets/Content/gltf/MaterialInstances/MI_Default_Mask.uasset" 639
"../../../Engine/Plugins/Interchange/Assets/Content/gltf/MaterialInstances/MI_Default_Mask.uexp" 640
"../../../Engine/Plugins/Interchange/Assets/Content/gltf/MaterialInstances/MI_Default_Blend_DS.uasset" 641
"../../../Engine/Plugins/Interchange/Assets/Content/gltf/MaterialInstances/MI_Default_Blend_DS.uexp" 642
"../../../Engine/Plugins/Interchange/Assets/Content/gltf/MaterialInstances/MI_Default_Blend.uasset" 643
"../../../Engine/Plugins/Interchange/Assets/Content/gltf/MaterialInstances/MI_Default_Blend.uexp" 644
"../../../Engine/Content/Functions/Engine_MaterialFunctions01/Texturing/FlattenNormal.uasset" 645
"../../../Engine/Content/Functions/Engine_MaterialFunctions01/Texturing/FlattenNormal.uexp" 646
"../../../Engine/Plugins/Interchange/Assets/Content/gltf/MaterialFunctions/MF_Clearcoat.uasset" 647
"../../../Engine/Plugins/Interchange/Assets/Content/gltf/MaterialFunctions/MF_Clearcoat.uexp" 648
"../../../Engine/Plugins/Interchange/Assets/Content/gltf/MaterialBodies/MF_ClearCoat_Body.uasset" 649
"../../../Engine/Plugins/Interchange/Assets/Content/gltf/MaterialBodies/MF_ClearCoat_Body.uexp" 650
"../../../Engine/Plugins/Interchange/Assets/Content/gltf/M_ClearCoat.uasset" 651
"../../../Engine/Plugins/Interchange/Assets/Content/gltf/M_ClearCoat.uexp" 652
"../../../Engine/Plugins/Interchange/Assets/Content/gltf/MaterialInstances/MI_ClearCoat_Opaque_DS.uasset" 653
"../../../Engine/Plugins/Interchange/Assets/Content/gltf/MaterialInstances/MI_ClearCoat_Opaque_DS.uexp" 654
"../../../Engine/Plugins/Interchange/Assets/Content/gltf/MaterialInstances/MI_ClearCoat_Opaque.uasset" 655
"../../../Engine/Plugins/Interchange/Assets/Content/gltf/MaterialInstances/MI_ClearCoat_Opaque.uexp" 656
"../../../Engine/Plugins/Interchange/Assets/Content/gltf/MaterialInstances/MI_ClearCoat_Mask_DS.uasset" 657
"../../../Engine/Plugins/Interchange/Assets/Content/gltf/MaterialInstances/MI_ClearCoat_Mask_DS.uexp" 658
"../../../Engine/Plugins/Interchange/Assets/Content/gltf/MaterialInstances/MI_ClearCoat_Mask.uasset" 659
"../../../Engine/Plugins/Interchange/Assets/Content/gltf/MaterialInstances/MI_ClearCoat_Mask.uexp" 660
"../../../Engine/Plugins/Interchange/Assets/Content/gltf/MaterialInstances/MI_ClearCoat_Blend_DS.uasset" 661
"../../../Engine/Plugins/Interchange/Assets/Content/gltf/MaterialInstances/MI_ClearCoat_Blend_DS.uexp" 662
"../../../Engine/Plugins/Interchange/Assets/Content/gltf/MaterialInstances/MI_ClearCoat_Blend.uasset" 663
"../../../Engine/Plugins/Interchange/Assets/Content/gltf/MaterialInstances/MI_ClearCoat_Blend.uexp" 664
"../../../Engine/Content/VREditor/TransformGizmo/Main.uasset" 665
"../../../Engine/Content/VREditor/TransformGizmo/Main.uexp" 666
"../../../Engine/Content/VREditor/TransformGizmo/Xray.uasset" 667
"../../../Engine/Content/VREditor/TransformGizmo/Xray.uexp" 668
"../../../Engine/Content/VREditor/TransformGizmo/SM_Sequencer_Node.uasset" 669
"../../../Engine/Content/VREditor/TransformGizmo/SM_Sequencer_Node.uexp" 670
"../../../Engine/Content/VREditor/LaserPointer/VR_LaserPower_01.ubulk" 671
"../../../Engine/Content/VREditor/LaserPointer/VR_LaserPower_01.uasset" 672
"../../../Engine/Content/VREditor/LaserPointer/VR_LaserPower_01.uexp" 673
"../../../Engine/Content/VREditor/TransformGizmo/TransformGizmoMaterial.uasset" 674
"../../../Engine/Content/VREditor/TransformGizmo/TransformGizmoMaterial.uexp" 675
"../../../Engine/Content/VREditor/TransformGizmo/TranslucentTransformGizmoMaterial.uasset" 676
"../../../Engine/Content/VREditor/TransformGizmo/TranslucentTransformGizmoMaterial.uexp" 677
"../../../Engine/Content/VREditor/TransformGizmo/BoundingBoxEdge.uasset" 678
"../../../Engine/Content/VREditor/TransformGizmo/BoundingBoxEdge.uexp" 679
"../../../Engine/Content/VREditor/TransformGizmo/BoundingBoxCorner.uasset" 680
"../../../Engine/Content/VREditor/TransformGizmo/BoundingBoxCorner.uexp" 681
"../../../Engine/Content/EngineSky/VolumetricClouds/T_CloudMask.ubulk" 682
"../../../Engine/Content/EngineSky/VolumetricClouds/T_CloudMask.uasset" 683
"../../../Engine/Content/EngineSky/VolumetricClouds/T_CloudMask.uexp" 684
"../../../Engine/Content/EngineSky/VolumetricClouds/VT_Lightning.uasset" 685
"../../../Engine/Content/EngineSky/VolumetricClouds/VT_Lightning.uexp" 686
"../../../Engine/Content/EngineSky/VolumetricClouds/T_Profile_08.ubulk" 687
"../../../Engine/Content/EngineSky/VolumetricClouds/T_Profile_08.uasset" 688
"../../../Engine/Content/EngineSky/VolumetricClouds/T_Profile_08.uexp" 689
"../../../Engine/Content/Functions/Engine_MaterialFunctions02/Utility/MakeFloat4.uasset" 690
"../../../Engine/Content/Functions/Engine_MaterialFunctions02/Utility/MakeFloat4.uexp" 691
"../../../Engine/Content/Functions/Engine_MaterialFunctions01/Units/Km-to-Cm.uasset" 692
"../../../Engine/Content/Functions/Engine_MaterialFunctions01/Units/Km-to-Cm.uexp" 693
"../../../Engine/Content/Functions/Engine_MaterialFunctions02/Utility/BreakOutFloat4Components.uasset" 694
"../../../Engine/Content/Functions/Engine_MaterialFunctions02/Utility/BreakOutFloat4Components.uexp" 695
"../../../Engine/Content/EngineSky/VolumetricClouds/T_CloudPattern.ubulk" 696
"../../../Engine/Content/EngineSky/VolumetricClouds/T_CloudPattern.uasset" 697
"../../../Engine/Content/EngineSky/VolumetricClouds/T_CloudPattern.uexp" 698
"../../../Engine/Content/EngineSky/VolumetricClouds/VT_PerlinWorley_Balanced.uasset" 699
"../../../Engine/Content/EngineSky/VolumetricClouds/VT_PerlinWorley_Balanced.uexp" 700
"../../../Engine/Content/EngineSky/VolumetricClouds/m_SimpleVolumetricCloud.uasset" 701
"../../../Engine/Content/EngineSky/VolumetricClouds/m_SimpleVolumetricCloud.uexp" 702
"../../../Engine/Content/EngineSky/VolumetricClouds/m_SimpleVolumetricCloud_Inst.uasset" 703
"../../../Engine/Content/EngineSky/VolumetricClouds/m_SimpleVolumetricCloud_Inst.uexp" 704
"../../../Engine/Content/EngineResources/FilmGrains/Marcie_Grain_v3_128_M2_000.uasset" 705
"../../../Engine/Content/EngineResources/FilmGrains/Marcie_Grain_v3_128_M2_000.uexp" 706
"../../../Engine/Content/EngineMaterials/LTC/Sheen_LTC.uasset" 707
"../../../Engine/Content/EngineMaterials/LTC/Sheen_LTC.uexp" 708
"../../../Engine/Content/EngineMaterials/LTC/GGX_LTCMat.uasset" 709
"../../../Engine/Content/EngineMaterials/LTC/GGX_LTCMat.uexp" 710
"../../../Engine/Content/EngineMaterials/LTC/GGX_LTCAmp.uasset" 711
"../../../Engine/Content/EngineMaterials/LTC/GGX_LTCAmp.uexp" 712
"../../../Engine/Content/EngineMaterials/EnergyConservation/Sheen_Energy.uasset" 713
"../../../Engine/Content/EngineMaterials/EnergyConservation/Sheen_Energy.uexp" 714
"../../../Engine/Content/EngineMaterials/EnergyConservation/SheenLegacy_Energy.uasset" 715
"../../../Engine/Content/EngineMaterials/EnergyConservation/SheenLegacy_Energy.uexp" 716
"../../../Engine/Content/EngineMaterials/EnergyConservation/GGX_TransmissionEnergyArray.uasset" 717
"../../../Engine/Content/EngineMaterials/EnergyConservation/GGX_TransmissionEnergyArray.uexp" 718
"../../../Engine/Content/EngineMaterials/EnergyConservation/GGX_ReflectionEnergy.uasset" 719
"../../../Engine/Content/EngineMaterials/EnergyConservation/GGX_ReflectionEnergy.uexp" 720
"../../../Engine/Content/EngineMaterials/EnergyConservation/Diffuse_Energy.uasset" 721
"../../../Engine/Content/EngineMaterials/EnergyConservation/Diffuse_Energy.uexp" 722
"../../../Engine/Content/EditorResources/SequenceRecorder/RecordingIndicator.uasset" 723
"../../../Engine/Content/EditorResources/SequenceRecorder/RecordingIndicator.uexp" 724
"../../../Engine/Content/EditorResources/SequenceRecorder/Countdown.uasset" 725
"../../../Engine/Content/EditorResources/SequenceRecorder/Countdown.uexp" 726
"../../../Engine/Content/EditorMaterials/Camera/CineMat.uasset" 727
"../../../Engine/Content/EditorMaterials/Camera/CineMat.uexp" 728
"../../../Engine/Content/EditorMaterials/Camera/MI_CineMat_Rig.uasset" 729
"../../../Engine/Content/EditorMaterials/Camera/MI_CineMat_Rig.uexp" 730
"../../../Engine/Content/EditorMeshes/Camera/SM_RailRig_Track.uasset" 731
"../../../Engine/Content/EditorMeshes/Camera/SM_RailRig_Track.uexp" 732
"../../../Engine/Content/EditorMeshes/Camera/SM_RailRig_Mount.uasset" 733
"../../../Engine/Content/EditorMeshes/Camera/SM_RailRig_Mount.uexp" 734
"../../../Engine/Content/EditorMeshes/Camera/SM_CraneRig_Mount.uasset" 735
"../../../Engine/Content/EditorMeshes/Camera/SM_CraneRig_Mount.uexp" 736
"../../../Engine/Content/EditorMeshes/Camera/SM_CraneRig_Body.uasset" 737
"../../../Engine/Content/EditorMeshes/Camera/SM_CraneRig_Body.uexp" 738
"../../../Engine/Content/EditorMeshes/Camera/SM_CraneRig_Base.uasset" 739
"../../../Engine/Content/EditorMeshes/Camera/SM_CraneRig_Base.uexp" 740
"../../../Engine/Content/EditorMeshes/Camera/SM_CraneRig_Arm.uasset" 741
"../../../Engine/Content/EditorMeshes/Camera/SM_CraneRig_Arm.uexp" 742
"../../../Engine/Content/EditorMaterials/ParticleSystems/PSysThumbnail_OOD.ubulk" 743
"../../../Engine/Content/EditorMaterials/ParticleSystems/PSysThumbnail_OOD.uasset" 744
"../../../Engine/Content/EditorMaterials/ParticleSystems/PSysThumbnail_OOD.uexp" 745
"../../../Engine/Content/EditorMaterials/ParticleSystems/PSysThumbnail_NoImage.ubulk" 746
"../../../Engine/Content/EditorMaterials/ParticleSystems/PSysThumbnail_NoImage.uasset" 747
"../../../Engine/Content/EditorMaterials/ParticleSystems/PSysThumbnail_NoImage.uexp" 748
"../../../Engine/Content/EditorMaterials/Dataflow/DataflowVertexMaterial.uasset" 749
"../../../Engine/Content/EditorMaterials/Dataflow/DataflowVertexMaterial.uexp" 750
"../../../Engine/Content/EditorMaterials/Dataflow/DataflowTwoSidedVertexMaterial.uasset" 751
"../../../Engine/Content/EditorMaterials/Dataflow/DataflowTwoSidedVertexMaterial.uexp" 752
"../../../Engine/Content/EngineMaterials/Substrate/Volume/SubstrateSimpleVolumeLUT3D.uasset" 753
"../../../Engine/Content/EngineMaterials/Substrate/Volume/SubstrateSimpleVolumeLUT3D.uexp" 754
"../../../Engine/Content/EngineMaterials/Substrate/Volume/SubstrateSimpleVolumeEnvLUT3D.uasset" 755
"../../../Engine/Content/EngineMaterials/Substrate/Volume/SubstrateSimpleVolumeEnvLUT3D.uexp" 756
"../../../Engine/Content/EngineMaterials/Substrate/GLints2/AGlintTex2dArray2.uasset" 757
"../../../Engine/Content/EngineMaterials/Substrate/GLints2/AGlintTex2dArray2.uexp" 758
"../../../Engine/Content/EngineMaterials/Substrate/GLints/AGlintTex2dArray.uasset" 759
"../../../Engine/Content/EngineMaterials/Substrate/GLints/AGlintTex2dArray.uexp" 760
"../../../Engine/Content/ArtTools/RenderToTexture/Meshes/S_1_Unit_Plane.uasset" 761
"../../../Engine/Content/ArtTools/RenderToTexture/Meshes/S_1_Unit_Plane.uexp" 762
"Y:/crystal/BabaikaGame/Content/Audio/GameStart.ubulk" 763
"Y:/crystal/BabaikaGame/Content/Audio/GameStart.uasset" 764
"Y:/crystal/BabaikaGame/Content/Audio/GameStart.uexp" 765
"Y:/crystal/BabaikaGame/Content/MCO_Mocap_Basics/Character/Materials/MaterialLayers/ML_Plastic_Shiny_Beige.uasset" 766
"Y:/crystal/BabaikaGame/Content/MCO_Mocap_Basics/Character/Materials/MaterialLayers/ML_Plastic_Shiny_Beige.uexp" 767
"Y:/crystal/BabaikaGame/Content/MCO_Mocap_Basics/Character/Textures/UE4_LOGO_CARD.ubulk" 768
"Y:/crystal/BabaikaGame/Content/MCO_Mocap_Basics/Character/Textures/UE4_LOGO_CARD.uasset" 769
"Y:/crystal/BabaikaGame/Content/MCO_Mocap_Basics/Character/Textures/UE4_LOGO_CARD.uexp" 770
"Y:/crystal/BabaikaGame/Content/MCO_Mocap_Basics/Character/Materials/MaterialLayers/ML_Plastic_Shiny_Beige_LOGO.uasset" 771
"Y:/crystal/BabaikaGame/Content/MCO_Mocap_Basics/Character/Materials/MaterialLayers/ML_Plastic_Shiny_Beige_LOGO.uexp" 772
"../../../Engine/Content/Functions/Engine_MaterialFunctions02/Utility/BlendAngleCorrectedNormals.uasset" 773
"../../../Engine/Content/Functions/Engine_MaterialFunctions02/Utility/BlendAngleCorrectedNormals.uexp" 774
"../../../Engine/Content/Functions/MaterialLayerFunctions/MatLayerBlend_NormalBlend.uasset" 775
"../../../Engine/Content/Functions/MaterialLayerFunctions/MatLayerBlend_NormalBlend.uexp" 776
"Y:/crystal/BabaikaGame/Content/MCO_Mocap_Basics/Character/Materials/MaterialLayers/T_ML_Aluminum01.ubulk" 777
"Y:/crystal/BabaikaGame/Content/MCO_Mocap_Basics/Character/Materials/MaterialLayers/T_ML_Aluminum01.uasset" 778
"Y:/crystal/BabaikaGame/Content/MCO_Mocap_Basics/Character/Materials/MaterialLayers/T_ML_Aluminum01.uexp" 779
"Y:/crystal/BabaikaGame/Content/MCO_Mocap_Basics/Character/Materials/MaterialLayers/T_ML_Aluminum01_N.ubulk" 780
"Y:/crystal/BabaikaGame/Content/MCO_Mocap_Basics/Character/Materials/MaterialLayers/T_ML_Aluminum01_N.uasset" 781
"Y:/crystal/BabaikaGame/Content/MCO_Mocap_Basics/Character/Materials/MaterialLayers/T_ML_Aluminum01_N.uexp" 782
"Y:/crystal/BabaikaGame/Content/MCO_Mocap_Basics/Character/Materials/MaterialLayers/ML_SoftMetal_UE4.uasset" 783
"Y:/crystal/BabaikaGame/Content/MCO_Mocap_Basics/Character/Materials/MaterialLayers/ML_SoftMetal_UE4.uexp" 784
"Y:/crystal/BabaikaGame/Content/MCO_Mocap_Basics/Character/Materials/MaterialLayers/T_ML_Rubber_Blue_01_D.ubulk" 785
"Y:/crystal/BabaikaGame/Content/MCO_Mocap_Basics/Character/Materials/MaterialLayers/T_ML_Rubber_Blue_01_D.uasset" 786
"Y:/crystal/BabaikaGame/Content/MCO_Mocap_Basics/Character/Materials/MaterialLayers/T_ML_Rubber_Blue_01_D.uexp" 787
"Y:/crystal/BabaikaGame/Content/MCO_Mocap_Basics/Character/Materials/MaterialLayers/T_ML_Rubber_Blue_01_N.ubulk" 788
"Y:/crystal/BabaikaGame/Content/MCO_Mocap_Basics/Character/Materials/MaterialLayers/T_ML_Rubber_Blue_01_N.uasset" 789
"Y:/crystal/BabaikaGame/Content/MCO_Mocap_Basics/Character/Materials/MaterialLayers/T_ML_Rubber_Blue_01_N.uexp" 790
"Y:/crystal/BabaikaGame/Content/MCO_Mocap_Basics/Character/Materials/MaterialLayers/ML_GlossyBlack_Latex_UE4.uasset" 791
"Y:/crystal/BabaikaGame/Content/MCO_Mocap_Basics/Character/Materials/MaterialLayers/ML_GlossyBlack_Latex_UE4.uexp" 792
"Y:/crystal/BabaikaGame/Content/MCO_Mocap_Basics/Character/Textures/UE4_Mannequin_MAT_MASKA.ubulk" 793
"Y:/crystal/BabaikaGame/Content/MCO_Mocap_Basics/Character/Textures/UE4_Mannequin_MAT_MASKA.uasset" 794
"Y:/crystal/BabaikaGame/Content/MCO_Mocap_Basics/Character/Textures/UE4_Mannequin_MAT_MASKA.uexp" 795
"../../../Engine/Content/Functions/MaterialLayerFunctions/MatLayerBlend_Simple.uasset" 796
"../../../Engine/Content/Functions/MaterialLayerFunctions/MatLayerBlend_Simple.uexp" 797
"Y:/crystal/BabaikaGame/Content/MCO_Mocap_Basics/Character/Textures/UE4_Mannequin_occlusion.ubulk" 798
"Y:/crystal/BabaikaGame/Content/MCO_Mocap_Basics/Character/Textures/UE4_Mannequin_occlusion.uasset" 799
"Y:/crystal/BabaikaGame/Content/MCO_Mocap_Basics/Character/Textures/UE4_Mannequin_occlusion.uexp" 800
"../../../Engine/Content/Functions/MaterialLayerFunctions/MatLayerBlend_AO.uasset" 801
"../../../Engine/Content/Functions/MaterialLayerFunctions/MatLayerBlend_AO.uexp" 802
"Y:/crystal/BabaikaGame/Content/MCO_Mocap_Basics/Character/Textures/UE4_Mannequin__normals.ubulk" 803
"Y:/crystal/BabaikaGame/Content/MCO_Mocap_Basics/Character/Textures/UE4_Mannequin__normals.uasset" 804
"Y:/crystal/BabaikaGame/Content/MCO_Mocap_Basics/Character/Textures/UE4_Mannequin__normals.uexp" 805
"Y:/crystal/BabaikaGame/Content/MCO_Mocap_Basics/Character/Materials/M_UE4Man_Body.uasset" 806
"Y:/crystal/BabaikaGame/Content/MCO_Mocap_Basics/Character/Materials/M_UE4Man_Body.uexp" 807
"Y:/crystal/BabaikaGame/Content/MCO_Mocap_Basics/Character/Textures/UE4Man_Logo_N.ubulk" 808
"Y:/crystal/BabaikaGame/Content/MCO_Mocap_Basics/Character/Textures/UE4Man_Logo_N.uasset" 809
"Y:/crystal/BabaikaGame/Content/MCO_Mocap_Basics/Character/Textures/UE4Man_Logo_N.uexp" 810
"Y:/crystal/BabaikaGame/Content/MCO_Mocap_Basics/Character/Materials/M_UE4Man_ChestLogo.uasset" 811
"Y:/crystal/BabaikaGame/Content/MCO_Mocap_Basics/Character/Materials/M_UE4Man_ChestLogo.uexp" 812
"Y:/crystal/BabaikaGame/Content/MCO_Mocap_Basics/Character/Mesh/UE4_Mannequin_Skeleton.uasset" 813
"Y:/crystal/BabaikaGame/Content/MCO_Mocap_Basics/Character/Mesh/UE4_Mannequin_Skeleton.uexp" 814
"Y:/crystal/BabaikaGame/Content/MCO_Mocap_Basics/Character/Mesh/SK_Mannequin_PhysicsAsset.uasset" 815
"Y:/crystal/BabaikaGame/Content/MCO_Mocap_Basics/Character/Mesh/SK_Mannequin_PhysicsAsset.uexp" 816
"Y:/crystal/BabaikaGame/Content/MCO_Mocap_Basics/Character/Mesh/SK_Mannequin.uasset" 817
"Y:/crystal/BabaikaGame/Content/MCO_Mocap_Basics/Character/Mesh/SK_Mannequin.uexp" 818
"Y:/crystal/BabaikaGame/Content/DetectiveStart/FirstPerson/Character/Mesh/SK_Mannequin_Arms_Skeleton.uasset" 819
"Y:/crystal/BabaikaGame/Content/DetectiveStart/FirstPerson/Character/Mesh/SK_Mannequin_Arms_Skeleton.uexp" 820
"Y:/crystal/BabaikaGame/Content/DetectiveStart/FirstPerson/Animations/FirstPerson_JumpEnd.uasset" 821
"Y:/crystal/BabaikaGame/Content/DetectiveStart/FirstPerson/Animations/FirstPerson_JumpEnd.m.ubulk" 822
"Y:/crystal/BabaikaGame/Content/DetectiveStart/FirstPerson/Animations/FirstPerson_JumpEnd.uexp" 823
"Y:/crystal/BabaikaGame/Content/DetectiveStart/FirstPerson/Animations/FirstPerson_Run.uasset" 824
"Y:/crystal/BabaikaGame/Content/DetectiveStart/FirstPerson/Animations/FirstPerson_Run.m.ubulk" 825
"Y:/crystal/BabaikaGame/Content/DetectiveStart/FirstPerson/Animations/FirstPerson_Run.uexp" 826
"Y:/crystal/BabaikaGame/Content/DetectiveStart/FirstPerson/Animations/FirstPerson_JumpLoop.uasset" 827
"Y:/crystal/BabaikaGame/Content/DetectiveStart/FirstPerson/Animations/FirstPerson_JumpLoop.m.ubulk" 828
"Y:/crystal/BabaikaGame/Content/DetectiveStart/FirstPerson/Animations/FirstPerson_JumpLoop.uexp" 829
"Y:/crystal/BabaikaGame/Content/DetectiveStart/FirstPerson/Animations/FirstPerson_Idle.uasset" 830
"Y:/crystal/BabaikaGame/Content/DetectiveStart/FirstPerson/Animations/FirstPerson_Idle.m.ubulk" 831
"Y:/crystal/BabaikaGame/Content/DetectiveStart/FirstPerson/Animations/FirstPerson_Idle.uexp" 832
"Y:/crystal/BabaikaGame/Content/DetectiveStart/FirstPerson/Animations/FirstPerson_JumpStart.uasset" 833
"Y:/crystal/BabaikaGame/Content/DetectiveStart/FirstPerson/Animations/FirstPerson_JumpStart.m.ubulk" 834
"Y:/crystal/BabaikaGame/Content/DetectiveStart/FirstPerson/Animations/FirstPerson_JumpStart.uexp" 835
"../../../Engine/Content/EditorBlueprintResources/StandardMacros.uasset" 836
"../../../Engine/Content/EditorBlueprintResources/StandardMacros.uexp" 837
"Y:/crystal/BabaikaGame/Content/DetectiveStart/FirstPerson/Animations/FirstPerson_AnimBP.uasset" 838
"Y:/crystal/BabaikaGame/Content/DetectiveStart/FirstPerson/Animations/FirstPerson_AnimBP.uexp" 839
"Y:/crystal/BabaikaGame/Content/UI/WB_FadeOut.uasset" 840
"Y:/crystal/BabaikaGame/Content/UI/WB_FadeOut.uexp" 841
"Y:/crystal/BabaikaGame/Content/FirstPerson/Blueprints/BPI_Interact.uasset" 842
"Y:/crystal/BabaikaGame/Content/FirstPerson/Blueprints/BPI_Interact.uexp" 843
"Y:/crystal/BabaikaGame/Content/Audio/JumpScare.ubulk" 844
"Y:/crystal/BabaikaGame/Content/Audio/JumpScare.uasset" 845
"Y:/crystal/BabaikaGame/Content/Audio/JumpScare.uexp" 846
"Y:/crystal/BabaikaGame/Content/UI/WBP_HidePrompt.uasset" 847
"Y:/crystal/BabaikaGame/Content/UI/WBP_HidePrompt.uexp" 848
"../../../Engine/Content/VREditor/Sounds/UI/Click_on_Button.ubulk" 849
"../../../Engine/Content/VREditor/Sounds/UI/Click_on_Button.uasset" 850
"../../../Engine/Content/VREditor/Sounds/UI/Click_on_Button.uexp" 851
"Y:/crystal/BabaikaGame/Content/DetectiveStart/FirstPerson/Character/Textures/UE4_Mannequin__normals.ubulk" 852
"Y:/crystal/BabaikaGame/Content/DetectiveStart/FirstPerson/Character/Textures/UE4_Mannequin__normals.uasset" 853
"Y:/crystal/BabaikaGame/Content/DetectiveStart/FirstPerson/Character/Textures/UE4_Mannequin__normals.uexp" 854
"Y:/crystal/BabaikaGame/Content/DetectiveStart/FirstPerson/Character/Textures/UE4_Mannequin_MAT_MASKA.ubulk" 855
"Y:/crystal/BabaikaGame/Content/DetectiveStart/FirstPerson/Character/Textures/UE4_Mannequin_MAT_MASKA.uasset" 856
"Y:/crystal/BabaikaGame/Content/DetectiveStart/FirstPerson/Character/Textures/UE4_Mannequin_MAT_MASKA.uexp" 857
"Y:/crystal/BabaikaGame/Content/DetectiveStart/FirstPerson/Character/Materials/MaterialLayers/ML_Plastic_Shiny_Beige.uasset" 858
"Y:/crystal/BabaikaGame/Content/DetectiveStart/FirstPerson/Character/Materials/MaterialLayers/ML_Plastic_Shiny_Beige.uexp" 859
"Y:/crystal/BabaikaGame/Content/DetectiveStart/FirstPerson/Character/Textures/UE4_LOGO_CARD.ubulk" 860
"Y:/crystal/BabaikaGame/Content/DetectiveStart/FirstPerson/Character/Textures/UE4_LOGO_CARD.uasset" 861
"Y:/crystal/BabaikaGame/Content/DetectiveStart/FirstPerson/Character/Textures/UE4_LOGO_CARD.uexp" 862
"Y:/crystal/BabaikaGame/Content/DetectiveStart/FirstPerson/Character/Materials/MaterialLayers/ML_Plastic_Shiny_Beige_LOGO.uasset" 863
"Y:/crystal/BabaikaGame/Content/DetectiveStart/FirstPerson/Character/Materials/MaterialLayers/ML_Plastic_Shiny_Beige_LOGO.uexp" 864
"Y:/crystal/BabaikaGame/Content/DetectiveStart/FirstPerson/Character/Materials/MaterialLayers/T_ML_Aluminum01_N.ubulk" 865
"Y:/crystal/BabaikaGame/Content/DetectiveStart/FirstPerson/Character/Materials/MaterialLayers/T_ML_Aluminum01_N.uasset" 866
"Y:/crystal/BabaikaGame/Content/DetectiveStart/FirstPerson/Character/Materials/MaterialLayers/T_ML_Aluminum01_N.uexp" 867
"Y:/crystal/BabaikaGame/Content/DetectiveStart/FirstPerson/Character/Materials/MaterialLayers/T_ML_Aluminum01.ubulk" 868
"Y:/crystal/BabaikaGame/Content/DetectiveStart/FirstPerson/Character/Materials/MaterialLayers/T_ML_Aluminum01.uasset" 869
"Y:/crystal/BabaikaGame/Content/DetectiveStart/FirstPerson/Character/Materials/MaterialLayers/T_ML_Aluminum01.uexp" 870
"Y:/crystal/BabaikaGame/Content/DetectiveStart/FirstPerson/Character/Materials/MaterialLayers/ML_SoftMetal_UE4.uasset" 871
"Y:/crystal/BabaikaGame/Content/DetectiveStart/FirstPerson/Character/Materials/MaterialLayers/ML_SoftMetal_UE4.uexp" 872
"Y:/crystal/BabaikaGame/Content/DetectiveStart/FirstPerson/Character/Materials/MaterialLayers/T_ML_Rubber_Blue_01_N.ubulk" 873
"Y:/crystal/BabaikaGame/Content/DetectiveStart/FirstPerson/Character/Materials/MaterialLayers/T_ML_Rubber_Blue_01_N.uasset" 874
"Y:/crystal/BabaikaGame/Content/DetectiveStart/FirstPerson/Character/Materials/MaterialLayers/T_ML_Rubber_Blue_01_N.uexp" 875
"Y:/crystal/BabaikaGame/Content/DetectiveStart/FirstPerson/Character/Materials/MaterialLayers/T_ML_Rubber_Blue_01_D.ubulk" 876
"Y:/crystal/BabaikaGame/Content/DetectiveStart/FirstPerson/Character/Materials/MaterialLayers/T_ML_Rubber_Blue_01_D.uasset" 877
"Y:/crystal/BabaikaGame/Content/DetectiveStart/FirstPerson/Character/Materials/MaterialLayers/T_ML_Rubber_Blue_01_D.uexp" 878
"Y:/crystal/BabaikaGame/Content/DetectiveStart/FirstPerson/Character/Materials/MaterialLayers/ML_GlossyBlack_Latex_UE4.uasset" 879
"Y:/crystal/BabaikaGame/Content/DetectiveStart/FirstPerson/Character/Materials/MaterialLayers/ML_GlossyBlack_Latex_UE4.uexp" 880
"Y:/crystal/BabaikaGame/Content/DetectiveStart/FirstPerson/Character/Materials/M_UE4Man_Body.uasset" 881
"Y:/crystal/BabaikaGame/Content/DetectiveStart/FirstPerson/Character/Materials/M_UE4Man_Body.uexp" 882
"Y:/crystal/BabaikaGame/Content/DetectiveStart/FirstPerson/Character/Mesh/SK_Mannequin_Arms_PhysicsAsset.uasset" 883
"Y:/crystal/BabaikaGame/Content/DetectiveStart/FirstPerson/Character/Mesh/SK_Mannequin_Arms_PhysicsAsset.uexp" 884
"Y:/crystal/BabaikaGame/Content/DetectiveStart/FirstPerson/Character/Mesh/SK_Mannequin_Arms.uasset" 885
"Y:/crystal/BabaikaGame/Content/DetectiveStart/FirstPerson/Character/Mesh/SK_Mannequin_Arms.uexp" 886
"Y:/crystal/BabaikaGame/Content/DetectiveStart/FirstPerson/FPWeapon/Mesh/SK_FPGun_Skeleton.uasset" 887
"Y:/crystal/BabaikaGame/Content/DetectiveStart/FirstPerson/FPWeapon/Mesh/SK_FPGun_Skeleton.uexp" 888
"Y:/crystal/BabaikaGame/Content/DetectiveStart/FirstPerson/FPWeapon/Materials/MaterialLayers/T_ML_Aluminum01.ubulk" 889
"Y:/crystal/BabaikaGame/Content/DetectiveStart/FirstPerson/FPWeapon/Materials/MaterialLayers/T_ML_Aluminum01.uasset" 890
"Y:/crystal/BabaikaGame/Content/DetectiveStart/FirstPerson/FPWeapon/Materials/MaterialLayers/T_ML_Aluminum01.uexp" 891
"Y:/crystal/BabaikaGame/Content/DetectiveStart/FirstPerson/FPWeapon/Materials/MaterialLayers/T_ML_Aluminum01_N.ubulk" 892
"Y:/crystal/BabaikaGame/Content/DetectiveStart/FirstPerson/FPWeapon/Materials/MaterialLayers/T_ML_Aluminum01_N.uasset" 893
"Y:/crystal/BabaikaGame/Content/DetectiveStart/FirstPerson/FPWeapon/Materials/MaterialLayers/T_ML_Aluminum01_N.uexp" 894
"Y:/crystal/BabaikaGame/Content/DetectiveStart/FirstPerson/FPWeapon/Materials/MaterialLayers/ML_SoftMetal_UE4.uasset" 895
"Y:/crystal/BabaikaGame/Content/DetectiveStart/FirstPerson/FPWeapon/Materials/MaterialLayers/ML_SoftMetal_UE4.uexp" 896
"Y:/crystal/BabaikaGame/Content/DetectiveStart/FirstPerson/FPWeapon/Materials/MaterialLayers/ML_Plastic_Shiny_Beige.uasset" 897
"Y:/crystal/BabaikaGame/Content/DetectiveStart/FirstPerson/FPWeapon/Materials/MaterialLayers/ML_Plastic_Shiny_Beige.uexp" 898
"Y:/crystal/BabaikaGame/Content/DetectiveStart/FirstPerson/FPWeapon/Materials/MaterialLayers/ML_Screen.uasset" 899
"Y:/crystal/BabaikaGame/Content/DetectiveStart/FirstPerson/FPWeapon/Materials/MaterialLayers/ML_Screen.uexp" 900
"Y:/crystal/BabaikaGame/Content/DetectiveStart/FirstPerson/FPWeapon/Materials/MaterialLayers/T_ML_Rubber_Blue_01_D.ubulk" 901
"Y:/crystal/BabaikaGame/Content/DetectiveStart/FirstPerson/FPWeapon/Materials/MaterialLayers/T_ML_Rubber_Blue_01_D.uasset" 902
"Y:/crystal/BabaikaGame/Content/DetectiveStart/FirstPerson/FPWeapon/Materials/MaterialLayers/T_ML_Rubber_Blue_01_D.uexp" 903
"Y:/crystal/BabaikaGame/Content/DetectiveStart/FirstPerson/FPWeapon/Materials/MaterialLayers/T_ML_Rubber_Blue_01_N.ubulk" 904
"Y:/crystal/BabaikaGame/Content/DetectiveStart/FirstPerson/FPWeapon/Materials/MaterialLayers/T_ML_Rubber_Blue_01_N.uasset" 905
"Y:/crystal/BabaikaGame/Content/DetectiveStart/FirstPerson/FPWeapon/Materials/MaterialLayers/T_ML_Rubber_Blue_01_N.uexp" 906
"Y:/crystal/BabaikaGame/Content/DetectiveStart/FirstPerson/FPWeapon/Materials/MaterialLayers/ML_GlossyBlack_Latex_UE4.uasset" 907
"Y:/crystal/BabaikaGame/Content/DetectiveStart/FirstPerson/FPWeapon/Materials/MaterialLayers/ML_GlossyBlack_Latex_UE4.uexp" 908
"Y:/crystal/BabaikaGame/Content/DetectiveStart/FirstPerson/FPWeapon/Textures/T_FPGun_M.ubulk" 909
"Y:/crystal/BabaikaGame/Content/DetectiveStart/FirstPerson/FPWeapon/Textures/T_FPGun_M.uasset" 910
"Y:/crystal/BabaikaGame/Content/DetectiveStart/FirstPerson/FPWeapon/Textures/T_FPGun_M.uexp" 911
"Y:/crystal/BabaikaGame/Content/DetectiveStart/FirstPerson/FPWeapon/Textures/T_FPGun_N.ubulk" 912
"Y:/crystal/BabaikaGame/Content/DetectiveStart/FirstPerson/FPWeapon/Textures/T_FPGun_N.uasset" 913
"Y:/crystal/BabaikaGame/Content/DetectiveStart/FirstPerson/FPWeapon/Textures/T_FPGun_N.uexp" 914
"Y:/crystal/BabaikaGame/Content/DetectiveStart/FirstPerson/FPWeapon/Materials/M_FPGun.uasset" 915
"Y:/crystal/BabaikaGame/Content/DetectiveStart/FirstPerson/FPWeapon/Materials/M_FPGun.uexp" 916
"Y:/crystal/BabaikaGame/Content/DetectiveStart/FirstPerson/FPWeapon/Mesh/SK_FPGun.uasset" 917
"Y:/crystal/BabaikaGame/Content/DetectiveStart/FirstPerson/FPWeapon/Mesh/SK_FPGun.uexp" 918
"Y:/crystal/BabaikaGame/Content/FirstPerson/Input/Actions/IA_Flashlight.uasset" 919
"Y:/crystal/BabaikaGame/Content/FirstPerson/Input/Actions/IA_Flashlight.uexp" 920
"Y:/crystal/BabaikaGame/Content/DetectiveStart/FirstPerson/Blueprints/FirstPersonCharacter.uasset" 921
"Y:/crystal/BabaikaGame/Content/DetectiveStart/FirstPerson/Blueprints/FirstPersonCharacter.uexp" 922
"Y:/crystal/BabaikaGame/Content/DetectiveStart/FirstPerson/Textures/FirstPersonCrosshair.uasset" 923
"Y:/crystal/BabaikaGame/Content/DetectiveStart/FirstPerson/Textures/FirstPersonCrosshair.uexp" 924
"Y:/crystal/BabaikaGame/Content/DetectiveStart/FirstPerson/Blueprints/FirstPersonHUD.uasset" 925
"Y:/crystal/BabaikaGame/Content/DetectiveStart/FirstPerson/Blueprints/FirstPersonHUD.uexp" 926
"Y:/crystal/BabaikaGame/Content/DetectiveStart/FirstPerson/Blueprints/FirstPersonGameMode.uasset" 927
"Y:/crystal/BabaikaGame/Content/DetectiveStart/FirstPerson/Blueprints/FirstPersonGameMode.uexp" 928
"../../../Engine/Content/Functions/Engine_MaterialFunctions01/Shading/PowerToRoughness.uasset" 929
"../../../Engine/Content/Functions/Engine_MaterialFunctions01/Shading/PowerToRoughness.uexp" 930
"../../../Engine/Content/Functions/Engine_MaterialFunctions01/Shading/ConvertFromDiffSpec.uasset" 931
"../../../Engine/Content/Functions/Engine_MaterialFunctions01/Shading/ConvertFromDiffSpec.uexp" 932
"../../../Engine/Content/EngineResources/LandscapeVisibilityLayerInfo.uasset" 933
"../../../Engine/Content/EngineResources/LandscapeVisibilityLayerInfo.uexp" 934
"../../../Engine/Content/VREditor/TransformGizmo/StartRotationHandleIndicator.uasset" 935
"../../../Engine/Content/VREditor/TransformGizmo/StartRotationHandleIndicator.uexp" 936
"../../../Engine/Content/VREditor/Sounds/UI/Drop_Item_From_ContentBrowser.ubulk" 937
"../../../Engine/Content/VREditor/Sounds/UI/Drop_Item_From_ContentBrowser.uasset" 938
"../../../Engine/Content/VREditor/Sounds/UI/Drop_Item_From_ContentBrowser.uexp" 939
"../../../Engine/Content/VREditor/TransformGizmo/PlaneTranslationHandle.uasset" 940
"../../../Engine/Content/VREditor/TransformGizmo/PlaneTranslationHandle.uexp" 941
"../../../Engine/Content/VREditor/Sounds/UI/Object_Snaps_To_Grid.ubulk" 942
"../../../Engine/Content/VREditor/Sounds/UI/Object_Snaps_To_Grid.uasset" 943
"../../../Engine/Content/VREditor/Sounds/UI/Object_Snaps_To_Grid.uexp" 944
"../../../Engine/Content/VREditor/Sounds/UI/Selection_Changes.ubulk" 945
"../../../Engine/Content/VREditor/Sounds/UI/Selection_Changes.uasset" 946
"../../../Engine/Content/VREditor/Sounds/UI/Selection_Changes.uexp" 947
"../../../Engine/Content/VREditor/Sounds/UI/Object_Snaps_To_Another_Actor.ubulk" 948
"../../../Engine/Content/VREditor/Sounds/UI/Object_Snaps_To_Another_Actor.uasset" 949
"../../../Engine/Content/VREditor/Sounds/UI/Object_Snaps_To_Another_Actor.uexp" 950
"../../../Engine/Content/VREditor/TransformGizmo/TranslucentTransformGizmoMaterial_Inst.uasset" 951
"../../../Engine/Content/VREditor/TransformGizmo/TranslucentTransformGizmoMaterial_Inst.uexp" 952
"../../../Engine/Content/VREditor/TransformGizmo/TransformGizmoFreeRotation.uasset" 953
"../../../Engine/Content/VREditor/TransformGizmo/TransformGizmoFreeRotation.uexp" 954
"../../../Engine/Content/VREditor/Sounds/UI/Scaling_Down.ubulk" 955
"../../../Engine/Content/VREditor/Sounds/UI/Scaling_Down.uasset" 956
"../../../Engine/Content/VREditor/Sounds/UI/Scaling_Down.uexp" 957
"../../../Engine/Content/Functions/Engine_MaterialFunctions02/SplitComponents.uasset" 958
"../../../Engine/Content/Functions/Engine_MaterialFunctions02/SplitComponents.uexp" 959
"../../../Engine/Content/VREditor/SnapGrid/SnapGridMaterial.uasset" 960
"../../../Engine/Content/VREditor/SnapGrid/SnapGridMaterial.uexp" 961
"../../../Engine/Content/VREditor/SnapGrid/SnapGridPlaneMesh.uasset" 962
"../../../Engine/Content/VREditor/SnapGrid/SnapGridPlaneMesh.uexp" 963
"../../../Engine/Content/VREditor/Sounds/UI/Scaling_Up.ubulk" 964
"../../../Engine/Content/VREditor/Sounds/UI/Scaling_Up.uasset" 965
"../../../Engine/Content/VREditor/Sounds/UI/Scaling_Up.uexp" 966
"../../../Engine/Content/VREditor/TransformGizmo/TransformGizmoMaterial_Inst.uasset" 967
"../../../Engine/Content/VREditor/TransformGizmo/TransformGizmoMaterial_Inst.uexp" 968
"../../../Engine/Content/VREditor/Sounds/UI/Gizmo_Handle_Clicked.ubulk" 969
"../../../Engine/Content/VREditor/Sounds/UI/Gizmo_Handle_Clicked.uasset" 970
"../../../Engine/Content/VREditor/Sounds/UI/Gizmo_Handle_Clicked.uexp" 971
"../../../Engine/Content/VREditor/TransformGizmo/RotationHandleQuarter.uasset" 972
"../../../Engine/Content/VREditor/TransformGizmo/RotationHandleQuarter.uexp" 973
"../../../Engine/Content/VREditor/TransformGizmo/TranslateArrowHandle.uasset" 974
"../../../Engine/Content/VREditor/TransformGizmo/TranslateArrowHandle.uexp" 975
"../../../Engine/Content/VREditor/TransformGizmo/RotationHandleIndicator.uasset" 976
"../../../Engine/Content/VREditor/TransformGizmo/RotationHandleIndicator.uexp" 977
"../../../Engine/Content/VREditor/TransformGizmo/UniformScaleHandle.uasset" 978
"../../../Engine/Content/VREditor/TransformGizmo/UniformScaleHandle.uexp" 979
"../../../Engine/Content/VREditor/TransformGizmo/RotationHandleFull.uasset" 980
"../../../Engine/Content/VREditor/TransformGizmo/RotationHandleFull.uexp" 981
"../../../Engine/Content/VREditor/Sounds/UI/Object_PickUp.ubulk" 982
"../../../Engine/Content/VREditor/Sounds/UI/Object_PickUp.uasset" 983
"../../../Engine/Content/VREditor/Sounds/UI/Object_PickUp.uexp" 984
"../../../Engine/Plugins/Animation/DeformerGraph/Content/DeformerFunctions/DG_Function_ComputeNormalsTangents.uasset" 985
"../../../Engine/Plugins/Animation/DeformerGraph/Content/DeformerFunctions/DG_Function_ComputeNormalsTangents.uexp" 986
"../../../Engine/Plugins/Animation/DeformerGraph/Content/DeformerFunctions/DG_Function_LinearBlendSkin_Morph_Cloth.uasset" 987
"../../../Engine/Plugins/Animation/DeformerGraph/Content/DeformerFunctions/DG_Function_LinearBlendSkin_Morph_Cloth.uexp" 988
"../../../Engine/Plugins/Animation/DeformerGraph/Content/DeformerFunctions/DG_Function_LinearBlendSkin_Morph_Cloth_PositionOnly.uasset" 989
"../../../Engine/Plugins/Animation/DeformerGraph/Content/DeformerFunctions/DG_Function_LinearBlendSkin_Morph_Cloth_PositionOnly.uexp" 990
"../../../Engine/Plugins/Animation/DeformerGraph/Content/Deformers/DG_LinearBlendSkin_Morph_Cloth.uasset" 991
"../../../Engine/Plugins/Animation/DeformerGraph/Content/Deformers/DG_LinearBlendSkin_Morph_Cloth.uexp" 992
"../../../Engine/Plugins/Animation/DeformerGraph/Content/Deformers/DG_LinearBlendSkin_Morph_Cloth_RecomputeNormals.uasset" 993
"../../../Engine/Plugins/Animation/DeformerGraph/Content/Deformers/DG_LinearBlendSkin_Morph_Cloth_RecomputeNormals.uexp" 994
"Y:/crystal/BabaikaGame/Content/UI/c31028e8-c867-4e27-8573-7bfa9ff4d537.uasset" 995
"Y:/crystal/BabaikaGame/Content/UI/c31028e8-c867-4e27-8573-7bfa9ff4d537.uexp" 996
"Y:/crystal/BabaikaGame/Content/UI/MainMenu.uasset" 997
"Y:/crystal/BabaikaGame/Content/UI/MainMenu.uexp" 998
"Y:/crystal/BabaikaGame/Content/UI/MenuGameMode.uasset" 999
"Y:/crystal/BabaikaGame/Content/UI/MenuGameMode.uexp" 1000
"Y:/crystal/BabaikaGame/Content/MainMenuMap.uexp" 1001
"Y:/crystal/BabaikaGame/Content/MainMenuMap.umap" 1002
"../../../Engine/Content/Maps/Entry_BuiltData.uasset" 1003
"../../../Engine/Content/Maps/Entry_BuiltData.uexp" 1004
"../../../Engine/Content/Maps/Entry.uexp" 1005
"../../../Engine/Content/Maps/Entry.umap" 1006
